{"level":"info","timestamp":"2025-02-01T01:08:51.467+0700","caller":"/home/pebble/Projects/maxcloud_vps/repository/client_repository.go:84","message":"user and billing created","email":"bagas3@gmail.com","client_id":"f027b78d-09c5-4cfb-94ed-6b65cc3a7a86"}
{"level":"info","timestamp":"2025-02-01T01:08:51.858+0700","caller":"/home/pebble/Projects/maxcloud_vps/service/update_service.go:69","message":"fetching clients","clients":[{"ClientID":"f027b78d-09c5-4cfb-94ed-6b65cc3a7a86","BillingID":"9bf41cc5-327d-47ac-bb70-1529ec5ea815","Suspended":false,"Balance":8985000,"MonthlyFee":1440000,"CostPerHour":2000,"TotalFee":0,"Uptime":0,"CreatedAt":"2025-02-01T01:08:51.45592+07:00"}]}
{"level":"info","timestamp":"2025-02-01T01:08:56.861+0700","caller":"/home/pebble/Projects/maxcloud_vps/service/update_service.go:78","message":"Started fetching client"}
{"level":"info","timestamp":"2025-02-01T01:08:56.861+0700","caller":"/home/pebble/Projects/maxcloud_vps/service/update_service.go:39","message":"Worker processing transaction","client_id":"f027b78d-09c5-4cfb-94ed-6b65cc3a7a86"}
{"level":"info","timestamp":"2025-02-01T01:08:57.867+0700","caller":"/home/pebble/Projects/maxcloud_vps/service/update_service.go:69","message":"fetching clients","clients":[{"ClientID":"f027b78d-09c5-4cfb-94ed-6b65cc3a7a86","BillingID":"9bf41cc5-327d-47ac-bb70-1529ec5ea815","Suspended":false,"Balance":8983000,"MonthlyFee":1440000,"CostPerHour":2000,"TotalFee":2000,"Uptime":1,"CreatedAt":"2025-02-01T01:08:51.45592+07:00"}]}
{"level":"info","timestamp":"2025-02-01T01:09:02.871+0700","caller":"/home/pebble/Projects/maxcloud_vps/service/update_service.go:78","message":"Started fetching client"}
{"level":"info","timestamp":"2025-02-01T01:09:02.871+0700","caller":"/home/pebble/Projects/maxcloud_vps/service/update_service.go:39","message":"Worker processing transaction","client_id":"f027b78d-09c5-4cfb-94ed-6b65cc3a7a86"}
{"level":"info","timestamp":"2025-02-01T01:09:03.877+0700","caller":"/home/pebble/Projects/maxcloud_vps/service/update_service.go:69","message":"fetching clients","clients":[{"ClientID":"f027b78d-09c5-4cfb-94ed-6b65cc3a7a86","BillingID":"9bf41cc5-327d-47ac-bb70-1529ec5ea815","Suspended":false,"Balance":8981000,"MonthlyFee":1440000,"CostPerHour":2000,"TotalFee":4000,"Uptime":2,"CreatedAt":"2025-02-01T01:08:51.45592+07:00"}]}
{"level":"info","timestamp":"2025-02-01T01:09:08.881+0700","caller":"/home/pebble/Projects/maxcloud_vps/service/update_service.go:78","message":"Started fetching client"}
{"level":"info","timestamp":"2025-02-01T01:09:08.881+0700","caller":"/home/pebble/Projects/maxcloud_vps/service/update_service.go:39","message":"Worker processing transaction","client_id":"f027b78d-09c5-4cfb-94ed-6b65cc3a7a86"}
{"level":"info","timestamp":"2025-02-01T01:09:09.887+0700","caller":"/home/pebble/Projects/maxcloud_vps/service/update_service.go:69","message":"fetching clients","clients":[{"ClientID":"f027b78d-09c5-4cfb-94ed-6b65cc3a7a86","BillingID":"9bf41cc5-327d-47ac-bb70-1529ec5ea815","Suspended":false,"Balance":8979000,"MonthlyFee":1440000,"CostPerHour":2000,"TotalFee":6000,"Uptime":3,"CreatedAt":"2025-02-01T01:08:51.45592+07:00"}]}
{"level":"info","timestamp":"2025-02-01T01:09:14.891+0700","caller":"/home/pebble/Projects/maxcloud_vps/service/update_service.go:78","message":"Started fetching client"}
{"level":"info","timestamp":"2025-02-01T01:09:14.891+0700","caller":"/home/pebble/Projects/maxcloud_vps/service/update_service.go:39","message":"Worker processing transaction","client_id":"f027b78d-09c5-4cfb-94ed-6b65cc3a7a86"}
{"level":"info","timestamp":"2025-02-01T01:09:15.897+0700","caller":"/home/pebble/Projects/maxcloud_vps/service/update_service.go:69","message":"fetching clients","clients":[{"ClientID":"f027b78d-09c5-4cfb-94ed-6b65cc3a7a86","BillingID":"9bf41cc5-327d-47ac-bb70-1529ec5ea815","Suspended":false,"Balance":8977000,"MonthlyFee":1440000,"CostPerHour":2000,"TotalFee":8000,"Uptime":4,"CreatedAt":"2025-02-01T01:08:51.45592+07:00"}]}
{"level":"info","timestamp":"2025-02-01T01:09:20.897+0700","caller":"/home/pebble/Projects/maxcloud_vps/service/update_service.go:78","message":"Started fetching client"}
{"level":"info","timestamp":"2025-02-01T01:09:20.898+0700","caller":"/home/pebble/Projects/maxcloud_vps/service/update_service.go:39","message":"Worker processing transaction","client_id":"f027b78d-09c5-4cfb-94ed-6b65cc3a7a86"}
{"level":"info","timestamp":"2025-02-01T01:09:21.904+0700","caller":"/home/pebble/Projects/maxcloud_vps/service/update_service.go:69","message":"fetching clients","clients":[{"ClientID":"f027b78d-09c5-4cfb-94ed-6b65cc3a7a86","BillingID":"9bf41cc5-327d-47ac-bb70-1529ec5ea815","Suspended":false,"Balance":8975000,"MonthlyFee":1440000,"CostPerHour":2000,"TotalFee":10000,"Uptime":5,"CreatedAt":"2025-02-01T01:08:51.45592+07:00"}]}
{"level":"info","timestamp":"2025-02-01T01:09:26.908+0700","caller":"/home/pebble/Projects/maxcloud_vps/service/update_service.go:78","message":"Started fetching client"}
{"level":"info","timestamp":"2025-02-01T01:09:26.908+0700","caller":"/home/pebble/Projects/maxcloud_vps/service/update_service.go:39","message":"Worker processing transaction","client_id":"f027b78d-09c5-4cfb-94ed-6b65cc3a7a86"}
{"level":"info","timestamp":"2025-02-01T01:09:27.913+0700","caller":"/home/pebble/Projects/maxcloud_vps/service/update_service.go:69","message":"fetching clients","clients":[{"ClientID":"f027b78d-09c5-4cfb-94ed-6b65cc3a7a86","BillingID":"9bf41cc5-327d-47ac-bb70-1529ec5ea815","Suspended":false,"Balance":8973000,"MonthlyFee":1440000,"CostPerHour":2000,"TotalFee":12000,"Uptime":6,"CreatedAt":"2025-02-01T01:08:51.45592+07:00"}]}
{"level":"info","timestamp":"2025-02-01T01:09:32.914+0700","caller":"/home/pebble/Projects/maxcloud_vps/service/update_service.go:78","message":"Started fetching client"}
{"level":"info","timestamp":"2025-02-01T01:09:32.914+0700","caller":"/home/pebble/Projects/maxcloud_vps/service/update_service.go:39","message":"Worker processing transaction","client_id":"f027b78d-09c5-4cfb-94ed-6b65cc3a7a86"}
{"level":"info","timestamp":"2025-02-01T01:09:33.920+0700","caller":"/home/pebble/Projects/maxcloud_vps/service/update_service.go:69","message":"fetching clients","clients":[{"ClientID":"f027b78d-09c5-4cfb-94ed-6b65cc3a7a86","BillingID":"9bf41cc5-327d-47ac-bb70-1529ec5ea815","Suspended":false,"Balance":8971000,"MonthlyFee":1440000,"CostPerHour":2000,"TotalFee":14000,"Uptime":7,"CreatedAt":"2025-02-01T01:08:51.45592+07:00"}]}
{"level":"info","timestamp":"2025-02-01T01:09:38.923+0700","caller":"/home/pebble/Projects/maxcloud_vps/service/update_service.go:39","message":"Worker processing transaction","client_id":"f027b78d-09c5-4cfb-94ed-6b65cc3a7a86"}
{"level":"info","timestamp":"2025-02-01T01:09:38.923+0700","caller":"/home/pebble/Projects/maxcloud_vps/service/update_service.go:78","message":"Started fetching client"}
{"level":"info","timestamp":"2025-02-01T01:09:39.929+0700","caller":"/home/pebble/Projects/maxcloud_vps/service/update_service.go:69","message":"fetching clients","clients":[{"ClientID":"f027b78d-09c5-4cfb-94ed-6b65cc3a7a86","BillingID":"9bf41cc5-327d-47ac-bb70-1529ec5ea815","Suspended":false,"Balance":8969000,"MonthlyFee":1440000,"CostPerHour":2000,"TotalFee":16000,"Uptime":8,"CreatedAt":"2025-02-01T01:08:51.45592+07:00"}]}
{"level":"info","timestamp":"2025-02-01T01:09:44.931+0700","caller":"/home/pebble/Projects/maxcloud_vps/service/update_service.go:78","message":"Started fetching client"}
{"level":"info","timestamp":"2025-02-01T01:09:44.931+0700","caller":"/home/pebble/Projects/maxcloud_vps/service/update_service.go:39","message":"Worker processing transaction","client_id":"f027b78d-09c5-4cfb-94ed-6b65cc3a7a86"}
{"level":"info","timestamp":"2025-02-01T01:09:45.937+0700","caller":"/home/pebble/Projects/maxcloud_vps/service/update_service.go:69","message":"fetching clients","clients":[{"ClientID":"f027b78d-09c5-4cfb-94ed-6b65cc3a7a86","BillingID":"9bf41cc5-327d-47ac-bb70-1529ec5ea815","Suspended":false,"Balance":8967000,"MonthlyFee":1440000,"CostPerHour":2000,"TotalFee":18000,"Uptime":9,"CreatedAt":"2025-02-01T01:08:51.45592+07:00"}]}
{"level":"info","timestamp":"2025-02-01T01:09:50.938+0700","caller":"/home/pebble/Projects/maxcloud_vps/service/update_service.go:78","message":"Started fetching client"}
{"level":"info","timestamp":"2025-02-01T01:09:50.938+0700","caller":"/home/pebble/Projects/maxcloud_vps/service/update_service.go:39","message":"Worker processing transaction","client_id":"f027b78d-09c5-4cfb-94ed-6b65cc3a7a86"}
{"level":"info","timestamp":"2025-02-01T01:09:51.944+0700","caller":"/home/pebble/Projects/maxcloud_vps/service/update_service.go:69","message":"fetching clients","clients":[{"ClientID":"f027b78d-09c5-4cfb-94ed-6b65cc3a7a86","BillingID":"9bf41cc5-327d-47ac-bb70-1529ec5ea815","Suspended":false,"Balance":8965000,"MonthlyFee":1440000,"CostPerHour":2000,"TotalFee":20000,"Uptime":10,"CreatedAt":"2025-02-01T01:08:51.45592+07:00"}]}
{"level":"info","timestamp":"2025-02-01T01:09:56.948+0700","caller":"/home/pebble/Projects/maxcloud_vps/service/update_service.go:39","message":"Worker processing transaction","client_id":"f027b78d-09c5-4cfb-94ed-6b65cc3a7a86"}
{"level":"info","timestamp":"2025-02-01T01:09:56.948+0700","caller":"/home/pebble/Projects/maxcloud_vps/service/update_service.go:78","message":"Started fetching client"}
{"level":"info","timestamp":"2025-02-01T01:09:57.954+0700","caller":"/home/pebble/Projects/maxcloud_vps/service/update_service.go:69","message":"fetching clients","clients":[{"ClientID":"f027b78d-09c5-4cfb-94ed-6b65cc3a7a86","BillingID":"9bf41cc5-327d-47ac-bb70-1529ec5ea815","Suspended":false,"Balance":8963000,"MonthlyFee":1440000,"CostPerHour":2000,"TotalFee":22000,"Uptime":11,"CreatedAt":"2025-02-01T01:08:51.45592+07:00"}]}
{"level":"info","timestamp":"2025-02-01T01:10:02.957+0700","caller":"/home/pebble/Projects/maxcloud_vps/service/update_service.go:78","message":"Started fetching client"}
{"level":"info","timestamp":"2025-02-01T01:10:02.958+0700","caller":"/home/pebble/Projects/maxcloud_vps/service/update_service.go:39","message":"Worker processing transaction","client_id":"f027b78d-09c5-4cfb-94ed-6b65cc3a7a86"}
{"level":"info","timestamp":"2025-02-01T01:10:03.965+0700","caller":"/home/pebble/Projects/maxcloud_vps/service/update_service.go:69","message":"fetching clients","clients":[{"ClientID":"f027b78d-09c5-4cfb-94ed-6b65cc3a7a86","BillingID":"9bf41cc5-327d-47ac-bb70-1529ec5ea815","Suspended":false,"Balance":8961000,"MonthlyFee":1440000,"CostPerHour":2000,"TotalFee":24000,"Uptime":12,"CreatedAt":"2025-02-01T01:08:51.45592+07:00"}]}
{"level":"info","timestamp":"2025-02-01T01:10:08.968+0700","caller":"/home/pebble/Projects/maxcloud_vps/service/update_service.go:78","message":"Started fetching client"}
{"level":"info","timestamp":"2025-02-01T01:10:08.968+0700","caller":"/home/pebble/Projects/maxcloud_vps/service/update_service.go:39","message":"Worker processing transaction","client_id":"f027b78d-09c5-4cfb-94ed-6b65cc3a7a86"}
{"level":"info","timestamp":"2025-02-01T01:10:09.974+0700","caller":"/home/pebble/Projects/maxcloud_vps/service/update_service.go:69","message":"fetching clients","clients":[{"ClientID":"f027b78d-09c5-4cfb-94ed-6b65cc3a7a86","BillingID":"9bf41cc5-327d-47ac-bb70-1529ec5ea815","Suspended":false,"Balance":8959000,"MonthlyFee":1440000,"CostPerHour":2000,"TotalFee":26000,"Uptime":13,"CreatedAt":"2025-02-01T01:08:51.45592+07:00"}]}
{"level":"info","timestamp":"2025-02-01T01:10:14.978+0700","caller":"/home/pebble/Projects/maxcloud_vps/service/update_service.go:39","message":"Worker processing transaction","client_id":"f027b78d-09c5-4cfb-94ed-6b65cc3a7a86"}
{"level":"info","timestamp":"2025-02-01T01:10:14.978+0700","caller":"/home/pebble/Projects/maxcloud_vps/service/update_service.go:78","message":"Started fetching client"}
{"level":"info","timestamp":"2025-02-01T01:10:15.983+0700","caller":"/home/pebble/Projects/maxcloud_vps/service/update_service.go:69","message":"fetching clients","clients":[{"ClientID":"f027b78d-09c5-4cfb-94ed-6b65cc3a7a86","BillingID":"9bf41cc5-327d-47ac-bb70-1529ec5ea815","Suspended":false,"Balance":8957000,"MonthlyFee":1440000,"CostPerHour":2000,"TotalFee":28000,"Uptime":14,"CreatedAt":"2025-02-01T01:08:51.45592+07:00"}]}
{"level":"info","timestamp":"2025-02-01T01:10:44.941+0700","caller":"/home/pebble/Projects/maxcloud_vps/config/logger.go:51","message":"Logger initialized"}
{"level":"info","timestamp":"2025-02-01T01:10:44.941+0700","caller":"/home/pebble/Projects/maxcloud_vps/service/update_service.go:37","message":"Worker started","worker_id":0}
{"level":"info","timestamp":"2025-02-01T01:10:44.941+0700","caller":"/home/pebble/Projects/maxcloud_vps/service/update_service.go:48","message":"Worker pool started"}
{"level":"info","timestamp":"2025-02-01T01:10:44.941+0700","caller":"/home/pebble/Projects/maxcloud_vps/service/update_service.go:37","message":"Worker started","worker_id":1}
{"level":"info","timestamp":"2025-02-01T01:10:44.941+0700","caller":"/home/pebble/Projects/maxcloud_vps/service/update_service.go:37","message":"Worker started","worker_id":3}
{"level":"info","timestamp":"2025-02-01T01:10:44.941+0700","caller":"/home/pebble/Projects/maxcloud_vps/service/update_service.go:37","message":"Worker started","worker_id":4}
{"level":"info","timestamp":"2025-02-01T01:10:44.941+0700","caller":"/home/pebble/Projects/maxcloud_vps/service/update_service.go:37","message":"Worker started","worker_id":2}
{"level":"info","timestamp":"2025-02-01T01:10:44.948+0700","caller":"/home/pebble/Projects/maxcloud_vps/service/update_service.go:69","message":"fetching clients","clients":[{"ClientID":"f027b78d-09c5-4cfb-94ed-6b65cc3a7a86","BillingID":"9bf41cc5-327d-47ac-bb70-1529ec5ea815","Suspended":false,"Balance":8957000,"MonthlyFee":1440000,"CostPerHour":2000,"TotalFee":28000,"Uptime":14,"CreatedAt":"2025-02-01T01:08:51.45592+07:00"}]}
{"level":"info","timestamp":"2025-02-01T01:10:49.951+0700","caller":"/home/pebble/Projects/maxcloud_vps/service/update_service.go:78","message":"Started fetching client"}
{"level":"info","timestamp":"2025-02-01T01:10:49.951+0700","caller":"/home/pebble/Projects/maxcloud_vps/service/update_service.go:39","message":"Worker processing transaction","client_id":"f027b78d-09c5-4cfb-94ed-6b65cc3a7a86"}
{"level":"info","timestamp":"2025-02-01T01:10:50.956+0700","caller":"/home/pebble/Projects/maxcloud_vps/service/update_service.go:69","message":"fetching clients","clients":[{"ClientID":"f027b78d-09c5-4cfb-94ed-6b65cc3a7a86","BillingID":"9bf41cc5-327d-47ac-bb70-1529ec5ea815","Suspended":false,"Balance":8955000,"MonthlyFee":1440000,"CostPerHour":2000,"TotalFee":30000,"Uptime":15,"CreatedAt":"2025-02-01T01:08:51.45592+07:00"}]}
{"level":"info","timestamp":"2025-02-01T01:10:55.959+0700","caller":"/home/pebble/Projects/maxcloud_vps/service/update_service.go:78","message":"Started fetching client"}
{"level":"info","timestamp":"2025-02-01T01:10:55.959+0700","caller":"/home/pebble/Projects/maxcloud_vps/service/update_service.go:39","message":"Worker processing transaction","client_id":"f027b78d-09c5-4cfb-94ed-6b65cc3a7a86"}
{"level":"info","timestamp":"2025-02-01T01:10:56.965+0700","caller":"/home/pebble/Projects/maxcloud_vps/service/update_service.go:69","message":"fetching clients","clients":[{"ClientID":"f027b78d-09c5-4cfb-94ed-6b65cc3a7a86","BillingID":"9bf41cc5-327d-47ac-bb70-1529ec5ea815","Suspended":false,"Balance":8953000,"MonthlyFee":1440000,"CostPerHour":2000,"TotalFee":32000,"Uptime":16,"CreatedAt":"2025-02-01T01:08:51.45592+07:00"}]}
{"level":"info","timestamp":"2025-02-01T01:11:01.967+0700","caller":"/home/pebble/Projects/maxcloud_vps/service/update_service.go:78","message":"Started fetching client"}
{"level":"info","timestamp":"2025-02-01T01:11:01.968+0700","caller":"/home/pebble/Projects/maxcloud_vps/service/update_service.go:39","message":"Worker processing transaction","client_id":"f027b78d-09c5-4cfb-94ed-6b65cc3a7a86"}
{"level":"info","timestamp":"2025-02-01T01:11:02.974+0700","caller":"/home/pebble/Projects/maxcloud_vps/service/update_service.go:69","message":"fetching clients","clients":[{"ClientID":"f027b78d-09c5-4cfb-94ed-6b65cc3a7a86","BillingID":"9bf41cc5-327d-47ac-bb70-1529ec5ea815","Suspended":false,"Balance":8951000,"MonthlyFee":1440000,"CostPerHour":2000,"TotalFee":34000,"Uptime":17,"CreatedAt":"2025-02-01T01:08:51.45592+07:00"}]}
{"level":"info","timestamp":"2025-02-01T01:11:07.978+0700","caller":"/home/pebble/Projects/maxcloud_vps/service/update_service.go:78","message":"Started fetching client"}
{"level":"info","timestamp":"2025-02-01T01:11:07.978+0700","caller":"/home/pebble/Projects/maxcloud_vps/service/update_service.go:39","message":"Worker processing transaction","client_id":"f027b78d-09c5-4cfb-94ed-6b65cc3a7a86"}
{"level":"info","timestamp":"2025-02-01T01:11:08.984+0700","caller":"/home/pebble/Projects/maxcloud_vps/service/update_service.go:69","message":"fetching clients","clients":[{"ClientID":"f027b78d-09c5-4cfb-94ed-6b65cc3a7a86","BillingID":"9bf41cc5-327d-47ac-bb70-1529ec5ea815","Suspended":false,"Balance":8949000,"MonthlyFee":1440000,"CostPerHour":2000,"TotalFee":36000,"Uptime":18,"CreatedAt":"2025-02-01T01:08:51.45592+07:00"}]}
{"level":"info","timestamp":"2025-02-01T01:11:13.988+0700","caller":"/home/pebble/Projects/maxcloud_vps/service/update_service.go:78","message":"Started fetching client"}
{"level":"info","timestamp":"2025-02-01T01:11:13.988+0700","caller":"/home/pebble/Projects/maxcloud_vps/service/update_service.go:39","message":"Worker processing transaction","client_id":"f027b78d-09c5-4cfb-94ed-6b65cc3a7a86"}
{"level":"info","timestamp":"2025-02-01T01:11:15.018+0700","caller":"/home/pebble/Projects/maxcloud_vps/service/update_service.go:69","message":"fetching clients","clients":[{"ClientID":"f027b78d-09c5-4cfb-94ed-6b65cc3a7a86","BillingID":"9bf41cc5-327d-47ac-bb70-1529ec5ea815","Suspended":false,"Balance":8947000,"MonthlyFee":1440000,"CostPerHour":2000,"TotalFee":38000,"Uptime":19,"CreatedAt":"2025-02-01T01:08:51.45592+07:00"}]}
{"level":"info","timestamp":"2025-02-01T01:11:20.021+0700","caller":"/home/pebble/Projects/maxcloud_vps/service/update_service.go:78","message":"Started fetching client"}
{"level":"info","timestamp":"2025-02-01T01:11:20.021+0700","caller":"/home/pebble/Projects/maxcloud_vps/service/update_service.go:39","message":"Worker processing transaction","client_id":"f027b78d-09c5-4cfb-94ed-6b65cc3a7a86"}
{"level":"info","timestamp":"2025-02-01T01:11:21.081+0700","caller":"/home/pebble/Projects/maxcloud_vps/service/update_service.go:69","message":"fetching clients","clients":[{"ClientID":"f027b78d-09c5-4cfb-94ed-6b65cc3a7a86","BillingID":"9bf41cc5-327d-47ac-bb70-1529ec5ea815","Suspended":false,"Balance":8945000,"MonthlyFee":1440000,"CostPerHour":2000,"TotalFee":40000,"Uptime":20,"CreatedAt":"2025-02-01T01:08:51.45592+07:00"}]}
{"level":"info","timestamp":"2025-02-01T01:11:26.085+0700","caller":"/home/pebble/Projects/maxcloud_vps/service/update_service.go:78","message":"Started fetching client"}
{"level":"info","timestamp":"2025-02-01T01:11:26.085+0700","caller":"/home/pebble/Projects/maxcloud_vps/service/update_service.go:39","message":"Worker processing transaction","client_id":"f027b78d-09c5-4cfb-94ed-6b65cc3a7a86"}
{"level":"info","timestamp":"2025-02-01T01:11:27.145+0700","caller":"/home/pebble/Projects/maxcloud_vps/service/update_service.go:69","message":"fetching clients","clients":[{"ClientID":"f027b78d-09c5-4cfb-94ed-6b65cc3a7a86","BillingID":"9bf41cc5-327d-47ac-bb70-1529ec5ea815","Suspended":false,"Balance":8943000,"MonthlyFee":1440000,"CostPerHour":2000,"TotalFee":42000,"Uptime":21,"CreatedAt":"2025-02-01T01:08:51.45592+07:00"}]}
{"level":"info","timestamp":"2025-02-01T01:11:32.148+0700","caller":"/home/pebble/Projects/maxcloud_vps/service/update_service.go:78","message":"Started fetching client"}
{"level":"info","timestamp":"2025-02-01T01:11:32.148+0700","caller":"/home/pebble/Projects/maxcloud_vps/service/update_service.go:39","message":"Worker processing transaction","client_id":"f027b78d-09c5-4cfb-94ed-6b65cc3a7a86"}
{"level":"info","timestamp":"2025-02-01T01:11:33.165+0700","caller":"/home/pebble/Projects/maxcloud_vps/service/update_service.go:69","message":"fetching clients","clients":[{"ClientID":"f027b78d-09c5-4cfb-94ed-6b65cc3a7a86","BillingID":"9bf41cc5-327d-47ac-bb70-1529ec5ea815","Suspended":false,"Balance":8941000,"MonthlyFee":1440000,"CostPerHour":2000,"TotalFee":44000,"Uptime":22,"CreatedAt":"2025-02-01T01:08:51.45592+07:00"}]}
{"level":"info","timestamp":"2025-02-01T01:11:38.169+0700","caller":"/home/pebble/Projects/maxcloud_vps/service/update_service.go:78","message":"Started fetching client"}
{"level":"info","timestamp":"2025-02-01T01:11:38.169+0700","caller":"/home/pebble/Projects/maxcloud_vps/service/update_service.go:39","message":"Worker processing transaction","client_id":"f027b78d-09c5-4cfb-94ed-6b65cc3a7a86"}
{"level":"info","timestamp":"2025-02-01T01:11:39.186+0700","caller":"/home/pebble/Projects/maxcloud_vps/service/update_service.go:69","message":"fetching clients","clients":[{"ClientID":"f027b78d-09c5-4cfb-94ed-6b65cc3a7a86","BillingID":"9bf41cc5-327d-47ac-bb70-1529ec5ea815","Suspended":false,"Balance":8939000,"MonthlyFee":1440000,"CostPerHour":2000,"TotalFee":46000,"Uptime":23,"CreatedAt":"2025-02-01T01:08:51.45592+07:00"}]}
{"level":"info","timestamp":"2025-02-01T01:11:44.188+0700","caller":"/home/pebble/Projects/maxcloud_vps/service/update_service.go:78","message":"Started fetching client"}
{"level":"info","timestamp":"2025-02-01T01:11:44.188+0700","caller":"/home/pebble/Projects/maxcloud_vps/service/update_service.go:39","message":"Worker processing transaction","client_id":"f027b78d-09c5-4cfb-94ed-6b65cc3a7a86"}
{"level":"info","timestamp":"2025-02-01T01:11:45.205+0700","caller":"/home/pebble/Projects/maxcloud_vps/service/update_service.go:69","message":"fetching clients","clients":[{"ClientID":"f027b78d-09c5-4cfb-94ed-6b65cc3a7a86","BillingID":"9bf41cc5-327d-47ac-bb70-1529ec5ea815","Suspended":false,"Balance":8937000,"MonthlyFee":1440000,"CostPerHour":2000,"TotalFee":48000,"Uptime":24,"CreatedAt":"2025-02-01T01:08:51.45592+07:00"}]}
{"level":"info","timestamp":"2025-02-01T01:11:50.209+0700","caller":"/home/pebble/Projects/maxcloud_vps/service/update_service.go:78","message":"Started fetching client"}
{"level":"info","timestamp":"2025-02-01T01:11:50.209+0700","caller":"/home/pebble/Projects/maxcloud_vps/service/update_service.go:39","message":"Worker processing transaction","client_id":"f027b78d-09c5-4cfb-94ed-6b65cc3a7a86"}
{"level":"info","timestamp":"2025-02-01T01:11:51.215+0700","caller":"/home/pebble/Projects/maxcloud_vps/service/update_service.go:69","message":"fetching clients","clients":[{"ClientID":"f027b78d-09c5-4cfb-94ed-6b65cc3a7a86","BillingID":"9bf41cc5-327d-47ac-bb70-1529ec5ea815","Suspended":false,"Balance":8935000,"MonthlyFee":1440000,"CostPerHour":2000,"TotalFee":50000,"Uptime":25,"CreatedAt":"2025-02-01T01:08:51.45592+07:00"}]}
{"level":"info","timestamp":"2025-02-01T01:11:56.218+0700","caller":"/home/pebble/Projects/maxcloud_vps/service/update_service.go:78","message":"Started fetching client"}
{"level":"info","timestamp":"2025-02-01T01:11:56.218+0700","caller":"/home/pebble/Projects/maxcloud_vps/service/update_service.go:39","message":"Worker processing transaction","client_id":"f027b78d-09c5-4cfb-94ed-6b65cc3a7a86"}
{"level":"info","timestamp":"2025-02-01T01:11:57.223+0700","caller":"/home/pebble/Projects/maxcloud_vps/service/update_service.go:69","message":"fetching clients","clients":[{"ClientID":"f027b78d-09c5-4cfb-94ed-6b65cc3a7a86","BillingID":"9bf41cc5-327d-47ac-bb70-1529ec5ea815","Suspended":false,"Balance":8933000,"MonthlyFee":1440000,"CostPerHour":2000,"TotalFee":52000,"Uptime":26,"CreatedAt":"2025-02-01T01:08:51.45592+07:00"}]}
{"level":"info","timestamp":"2025-02-01T01:12:02.227+0700","caller":"/home/pebble/Projects/maxcloud_vps/service/update_service.go:78","message":"Started fetching client"}
{"level":"info","timestamp":"2025-02-01T01:12:02.228+0700","caller":"/home/pebble/Projects/maxcloud_vps/service/update_service.go:39","message":"Worker processing transaction","client_id":"f027b78d-09c5-4cfb-94ed-6b65cc3a7a86"}
{"level":"info","timestamp":"2025-02-01T01:12:03.234+0700","caller":"/home/pebble/Projects/maxcloud_vps/service/update_service.go:69","message":"fetching clients","clients":[{"ClientID":"f027b78d-09c5-4cfb-94ed-6b65cc3a7a86","BillingID":"9bf41cc5-327d-47ac-bb70-1529ec5ea815","Suspended":false,"Balance":8931000,"MonthlyFee":1440000,"CostPerHour":2000,"TotalFee":54000,"Uptime":27,"CreatedAt":"2025-02-01T01:08:51.45592+07:00"}]}
{"level":"info","timestamp":"2025-02-01T01:12:08.237+0700","caller":"/home/pebble/Projects/maxcloud_vps/service/update_service.go:78","message":"Started fetching client"}
{"level":"info","timestamp":"2025-02-01T01:12:08.238+0700","caller":"/home/pebble/Projects/maxcloud_vps/service/update_service.go:39","message":"Worker processing transaction","client_id":"f027b78d-09c5-4cfb-94ed-6b65cc3a7a86"}
{"level":"info","timestamp":"2025-02-01T01:12:09.244+0700","caller":"/home/pebble/Projects/maxcloud_vps/service/update_service.go:69","message":"fetching clients","clients":[{"ClientID":"f027b78d-09c5-4cfb-94ed-6b65cc3a7a86","BillingID":"9bf41cc5-327d-47ac-bb70-1529ec5ea815","Suspended":false,"Balance":8929000,"MonthlyFee":1440000,"CostPerHour":2000,"TotalFee":56000,"Uptime":28,"CreatedAt":"2025-02-01T01:08:51.45592+07:00"}]}
{"level":"info","timestamp":"2025-02-01T01:12:14.248+0700","caller":"/home/pebble/Projects/maxcloud_vps/service/update_service.go:39","message":"Worker processing transaction","client_id":"f027b78d-09c5-4cfb-94ed-6b65cc3a7a86"}
{"level":"info","timestamp":"2025-02-01T01:12:14.247+0700","caller":"/home/pebble/Projects/maxcloud_vps/service/update_service.go:78","message":"Started fetching client"}
{"level":"info","timestamp":"2025-02-01T01:12:15.253+0700","caller":"/home/pebble/Projects/maxcloud_vps/service/update_service.go:69","message":"fetching clients","clients":[{"ClientID":"f027b78d-09c5-4cfb-94ed-6b65cc3a7a86","BillingID":"9bf41cc5-327d-47ac-bb70-1529ec5ea815","Suspended":false,"Balance":8927000,"MonthlyFee":1440000,"CostPerHour":2000,"TotalFee":58000,"Uptime":29,"CreatedAt":"2025-02-01T01:08:51.45592+07:00"}]}
{"level":"info","timestamp":"2025-02-01T01:12:20.254+0700","caller":"/home/pebble/Projects/maxcloud_vps/service/update_service.go:78","message":"Started fetching client"}
{"level":"info","timestamp":"2025-02-01T01:12:20.254+0700","caller":"/home/pebble/Projects/maxcloud_vps/service/update_service.go:39","message":"Worker processing transaction","client_id":"f027b78d-09c5-4cfb-94ed-6b65cc3a7a86"}
{"level":"info","timestamp":"2025-02-01T01:12:21.260+0700","caller":"/home/pebble/Projects/maxcloud_vps/service/update_service.go:69","message":"fetching clients","clients":[{"ClientID":"f027b78d-09c5-4cfb-94ed-6b65cc3a7a86","BillingID":"9bf41cc5-327d-47ac-bb70-1529ec5ea815","Suspended":false,"Balance":8925000,"MonthlyFee":1440000,"CostPerHour":2000,"TotalFee":60000,"Uptime":30,"CreatedAt":"2025-02-01T01:08:51.45592+07:00"}]}
{"level":"info","timestamp":"2025-02-01T01:12:26.261+0700","caller":"/home/pebble/Projects/maxcloud_vps/service/update_service.go:78","message":"Started fetching client"}
{"level":"info","timestamp":"2025-02-01T01:12:26.261+0700","caller":"/home/pebble/Projects/maxcloud_vps/service/update_service.go:39","message":"Worker processing transaction","client_id":"f027b78d-09c5-4cfb-94ed-6b65cc3a7a86"}
{"level":"info","timestamp":"2025-02-01T01:12:27.266+0700","caller":"/home/pebble/Projects/maxcloud_vps/service/update_service.go:69","message":"fetching clients","clients":[{"ClientID":"f027b78d-09c5-4cfb-94ed-6b65cc3a7a86","BillingID":"9bf41cc5-327d-47ac-bb70-1529ec5ea815","Suspended":false,"Balance":8923000,"MonthlyFee":1440000,"CostPerHour":2000,"TotalFee":62000,"Uptime":31,"CreatedAt":"2025-02-01T01:08:51.45592+07:00"}]}
{"level":"info","timestamp":"2025-02-01T01:12:32.268+0700","caller":"/home/pebble/Projects/maxcloud_vps/service/update_service.go:78","message":"Started fetching client"}
{"level":"info","timestamp":"2025-02-01T01:12:32.268+0700","caller":"/home/pebble/Projects/maxcloud_vps/service/update_service.go:39","message":"Worker processing transaction","client_id":"f027b78d-09c5-4cfb-94ed-6b65cc3a7a86"}
{"level":"info","timestamp":"2025-02-01T01:12:33.274+0700","caller":"/home/pebble/Projects/maxcloud_vps/service/update_service.go:69","message":"fetching clients","clients":[{"ClientID":"f027b78d-09c5-4cfb-94ed-6b65cc3a7a86","BillingID":"9bf41cc5-327d-47ac-bb70-1529ec5ea815","Suspended":false,"Balance":8921000,"MonthlyFee":1440000,"CostPerHour":2000,"TotalFee":64000,"Uptime":32,"CreatedAt":"2025-02-01T01:08:51.45592+07:00"}]}
{"level":"info","timestamp":"2025-02-01T01:12:38.277+0700","caller":"/home/pebble/Projects/maxcloud_vps/service/update_service.go:78","message":"Started fetching client"}
{"level":"info","timestamp":"2025-02-01T01:12:38.278+0700","caller":"/home/pebble/Projects/maxcloud_vps/service/update_service.go:39","message":"Worker processing transaction","client_id":"f027b78d-09c5-4cfb-94ed-6b65cc3a7a86"}
{"level":"info","timestamp":"2025-02-01T01:12:39.284+0700","caller":"/home/pebble/Projects/maxcloud_vps/service/update_service.go:69","message":"fetching clients","clients":[{"ClientID":"f027b78d-09c5-4cfb-94ed-6b65cc3a7a86","BillingID":"9bf41cc5-327d-47ac-bb70-1529ec5ea815","Suspended":false,"Balance":8919000,"MonthlyFee":1440000,"CostPerHour":2000,"TotalFee":66000,"Uptime":33,"CreatedAt":"2025-02-01T01:08:51.45592+07:00"}]}
{"level":"info","timestamp":"2025-02-01T01:12:44.287+0700","caller":"/home/pebble/Projects/maxcloud_vps/service/update_service.go:78","message":"Started fetching client"}
{"level":"info","timestamp":"2025-02-01T01:12:44.288+0700","caller":"/home/pebble/Projects/maxcloud_vps/service/update_service.go:39","message":"Worker processing transaction","client_id":"f027b78d-09c5-4cfb-94ed-6b65cc3a7a86"}
{"level":"info","timestamp":"2025-02-01T01:12:45.294+0700","caller":"/home/pebble/Projects/maxcloud_vps/service/update_service.go:69","message":"fetching clients","clients":[{"ClientID":"f027b78d-09c5-4cfb-94ed-6b65cc3a7a86","BillingID":"9bf41cc5-327d-47ac-bb70-1529ec5ea815","Suspended":false,"Balance":8917000,"MonthlyFee":1440000,"CostPerHour":2000,"TotalFee":68000,"Uptime":34,"CreatedAt":"2025-02-01T01:08:51.45592+07:00"}]}
{"level":"info","timestamp":"2025-02-01T01:12:50.297+0700","caller":"/home/pebble/Projects/maxcloud_vps/service/update_service.go:78","message":"Started fetching client"}
{"level":"info","timestamp":"2025-02-01T01:12:50.298+0700","caller":"/home/pebble/Projects/maxcloud_vps/service/update_service.go:39","message":"Worker processing transaction","client_id":"f027b78d-09c5-4cfb-94ed-6b65cc3a7a86"}
{"level":"info","timestamp":"2025-02-01T01:12:51.304+0700","caller":"/home/pebble/Projects/maxcloud_vps/service/update_service.go:69","message":"fetching clients","clients":[{"ClientID":"f027b78d-09c5-4cfb-94ed-6b65cc3a7a86","BillingID":"9bf41cc5-327d-47ac-bb70-1529ec5ea815","Suspended":false,"Balance":8915000,"MonthlyFee":1440000,"CostPerHour":2000,"TotalFee":70000,"Uptime":35,"CreatedAt":"2025-02-01T01:08:51.45592+07:00"}]}
{"level":"info","timestamp":"2025-02-01T01:12:56.307+0700","caller":"/home/pebble/Projects/maxcloud_vps/service/update_service.go:78","message":"Started fetching client"}
{"level":"info","timestamp":"2025-02-01T01:12:56.308+0700","caller":"/home/pebble/Projects/maxcloud_vps/service/update_service.go:39","message":"Worker processing transaction","client_id":"f027b78d-09c5-4cfb-94ed-6b65cc3a7a86"}
{"level":"info","timestamp":"2025-02-01T01:12:57.314+0700","caller":"/home/pebble/Projects/maxcloud_vps/service/update_service.go:69","message":"fetching clients","clients":[{"ClientID":"f027b78d-09c5-4cfb-94ed-6b65cc3a7a86","BillingID":"9bf41cc5-327d-47ac-bb70-1529ec5ea815","Suspended":false,"Balance":8913000,"MonthlyFee":1440000,"CostPerHour":2000,"TotalFee":72000,"Uptime":36,"CreatedAt":"2025-02-01T01:08:51.45592+07:00"}]}
{"level":"info","timestamp":"2025-02-01T01:13:02.317+0700","caller":"/home/pebble/Projects/maxcloud_vps/service/update_service.go:78","message":"Started fetching client"}
{"level":"info","timestamp":"2025-02-01T01:13:02.318+0700","caller":"/home/pebble/Projects/maxcloud_vps/service/update_service.go:39","message":"Worker processing transaction","client_id":"f027b78d-09c5-4cfb-94ed-6b65cc3a7a86"}
{"level":"info","timestamp":"2025-02-01T01:13:03.323+0700","caller":"/home/pebble/Projects/maxcloud_vps/service/update_service.go:69","message":"fetching clients","clients":[{"ClientID":"f027b78d-09c5-4cfb-94ed-6b65cc3a7a86","BillingID":"9bf41cc5-327d-47ac-bb70-1529ec5ea815","Suspended":false,"Balance":8911000,"MonthlyFee":1440000,"CostPerHour":2000,"TotalFee":74000,"Uptime":37,"CreatedAt":"2025-02-01T01:08:51.45592+07:00"}]}
{"level":"info","timestamp":"2025-02-01T01:13:08.324+0700","caller":"/home/pebble/Projects/maxcloud_vps/service/update_service.go:78","message":"Started fetching client"}
{"level":"info","timestamp":"2025-02-01T01:13:08.324+0700","caller":"/home/pebble/Projects/maxcloud_vps/service/update_service.go:39","message":"Worker processing transaction","client_id":"f027b78d-09c5-4cfb-94ed-6b65cc3a7a86"}
{"level":"info","timestamp":"2025-02-01T01:13:09.329+0700","caller":"/home/pebble/Projects/maxcloud_vps/service/update_service.go:69","message":"fetching clients","clients":[{"ClientID":"f027b78d-09c5-4cfb-94ed-6b65cc3a7a86","BillingID":"9bf41cc5-327d-47ac-bb70-1529ec5ea815","Suspended":false,"Balance":8909000,"MonthlyFee":1440000,"CostPerHour":2000,"TotalFee":76000,"Uptime":38,"CreatedAt":"2025-02-01T01:08:51.45592+07:00"}]}
{"level":"info","timestamp":"2025-02-01T01:13:14.331+0700","caller":"/home/pebble/Projects/maxcloud_vps/service/update_service.go:78","message":"Started fetching client"}
{"level":"info","timestamp":"2025-02-01T01:13:14.331+0700","caller":"/home/pebble/Projects/maxcloud_vps/service/update_service.go:39","message":"Worker processing transaction","client_id":"f027b78d-09c5-4cfb-94ed-6b65cc3a7a86"}
{"level":"info","timestamp":"2025-02-01T01:13:15.337+0700","caller":"/home/pebble/Projects/maxcloud_vps/service/update_service.go:69","message":"fetching clients","clients":[{"ClientID":"f027b78d-09c5-4cfb-94ed-6b65cc3a7a86","BillingID":"9bf41cc5-327d-47ac-bb70-1529ec5ea815","Suspended":false,"Balance":8907000,"MonthlyFee":1440000,"CostPerHour":2000,"TotalFee":78000,"Uptime":39,"CreatedAt":"2025-02-01T01:08:51.45592+07:00"}]}
{"level":"info","timestamp":"2025-02-01T01:13:20.341+0700","caller":"/home/pebble/Projects/maxcloud_vps/service/update_service.go:39","message":"Worker processing transaction","client_id":"f027b78d-09c5-4cfb-94ed-6b65cc3a7a86"}
{"level":"info","timestamp":"2025-02-01T01:13:20.341+0700","caller":"/home/pebble/Projects/maxcloud_vps/service/update_service.go:78","message":"Started fetching client"}
{"level":"info","timestamp":"2025-02-01T01:13:21.347+0700","caller":"/home/pebble/Projects/maxcloud_vps/service/update_service.go:69","message":"fetching clients","clients":[{"ClientID":"f027b78d-09c5-4cfb-94ed-6b65cc3a7a86","BillingID":"9bf41cc5-327d-47ac-bb70-1529ec5ea815","Suspended":false,"Balance":8905000,"MonthlyFee":1440000,"CostPerHour":2000,"TotalFee":80000,"Uptime":40,"CreatedAt":"2025-02-01T01:08:51.45592+07:00"}]}
{"level":"info","timestamp":"2025-02-01T01:13:26.351+0700","caller":"/home/pebble/Projects/maxcloud_vps/service/update_service.go:78","message":"Started fetching client"}
{"level":"info","timestamp":"2025-02-01T01:13:26.351+0700","caller":"/home/pebble/Projects/maxcloud_vps/service/update_service.go:39","message":"Worker processing transaction","client_id":"f027b78d-09c5-4cfb-94ed-6b65cc3a7a86"}
{"level":"info","timestamp":"2025-02-01T01:13:27.356+0700","caller":"/home/pebble/Projects/maxcloud_vps/service/update_service.go:69","message":"fetching clients","clients":[{"ClientID":"f027b78d-09c5-4cfb-94ed-6b65cc3a7a86","BillingID":"9bf41cc5-327d-47ac-bb70-1529ec5ea815","Suspended":false,"Balance":8903000,"MonthlyFee":1440000,"CostPerHour":2000,"TotalFee":82000,"Uptime":41,"CreatedAt":"2025-02-01T01:08:51.45592+07:00"}]}
{"level":"info","timestamp":"2025-02-01T01:13:32.358+0700","caller":"/home/pebble/Projects/maxcloud_vps/service/update_service.go:78","message":"Started fetching client"}
{"level":"info","timestamp":"2025-02-01T01:13:32.358+0700","caller":"/home/pebble/Projects/maxcloud_vps/service/update_service.go:39","message":"Worker processing transaction","client_id":"f027b78d-09c5-4cfb-94ed-6b65cc3a7a86"}
{"level":"info","timestamp":"2025-02-01T01:13:33.364+0700","caller":"/home/pebble/Projects/maxcloud_vps/service/update_service.go:69","message":"fetching clients","clients":[{"ClientID":"f027b78d-09c5-4cfb-94ed-6b65cc3a7a86","BillingID":"9bf41cc5-327d-47ac-bb70-1529ec5ea815","Suspended":false,"Balance":8901000,"MonthlyFee":1440000,"CostPerHour":2000,"TotalFee":84000,"Uptime":42,"CreatedAt":"2025-02-01T01:08:51.45592+07:00"}]}
{"level":"info","timestamp":"2025-02-01T01:13:38.368+0700","caller":"/home/pebble/Projects/maxcloud_vps/service/update_service.go:78","message":"Started fetching client"}
{"level":"info","timestamp":"2025-02-01T01:13:38.368+0700","caller":"/home/pebble/Projects/maxcloud_vps/service/update_service.go:39","message":"Worker processing transaction","client_id":"f027b78d-09c5-4cfb-94ed-6b65cc3a7a86"}
{"level":"info","timestamp":"2025-02-01T01:13:39.374+0700","caller":"/home/pebble/Projects/maxcloud_vps/service/update_service.go:69","message":"fetching clients","clients":[{"ClientID":"f027b78d-09c5-4cfb-94ed-6b65cc3a7a86","BillingID":"9bf41cc5-327d-47ac-bb70-1529ec5ea815","Suspended":false,"Balance":8899000,"MonthlyFee":1440000,"CostPerHour":2000,"TotalFee":86000,"Uptime":43,"CreatedAt":"2025-02-01T01:08:51.45592+07:00"}]}
{"level":"info","timestamp":"2025-02-01T01:13:44.377+0700","caller":"/home/pebble/Projects/maxcloud_vps/service/update_service.go:78","message":"Started fetching client"}
{"level":"info","timestamp":"2025-02-01T01:13:44.378+0700","caller":"/home/pebble/Projects/maxcloud_vps/service/update_service.go:39","message":"Worker processing transaction","client_id":"f027b78d-09c5-4cfb-94ed-6b65cc3a7a86"}
{"level":"info","timestamp":"2025-02-01T01:13:45.384+0700","caller":"/home/pebble/Projects/maxcloud_vps/service/update_service.go:69","message":"fetching clients","clients":[{"ClientID":"f027b78d-09c5-4cfb-94ed-6b65cc3a7a86","BillingID":"9bf41cc5-327d-47ac-bb70-1529ec5ea815","Suspended":false,"Balance":8897000,"MonthlyFee":1440000,"CostPerHour":2000,"TotalFee":88000,"Uptime":44,"CreatedAt":"2025-02-01T01:08:51.45592+07:00"}]}
{"level":"info","timestamp":"2025-02-01T01:14:29.841+0700","caller":"/home/pebble/Projects/maxcloud_vps/config/logger.go:51","message":"Logger initialized"}
{"level":"info","timestamp":"2025-02-01T01:14:29.842+0700","caller":"/home/pebble/Projects/maxcloud_vps/service/update_service.go:37","message":"Worker started","worker_id":1}
{"level":"info","timestamp":"2025-02-01T01:14:29.842+0700","caller":"/home/pebble/Projects/maxcloud_vps/service/update_service.go:37","message":"Worker started","worker_id":0}
{"level":"info","timestamp":"2025-02-01T01:14:29.842+0700","caller":"/home/pebble/Projects/maxcloud_vps/service/update_service.go:48","message":"Worker pool started"}
{"level":"info","timestamp":"2025-02-01T01:14:29.842+0700","caller":"/home/pebble/Projects/maxcloud_vps/service/update_service.go:37","message":"Worker started","worker_id":2}
{"level":"info","timestamp":"2025-02-01T01:14:29.842+0700","caller":"/home/pebble/Projects/maxcloud_vps/service/update_service.go:37","message":"Worker started","worker_id":3}
{"level":"info","timestamp":"2025-02-01T01:14:29.842+0700","caller":"/home/pebble/Projects/maxcloud_vps/service/update_service.go:37","message":"Worker started","worker_id":4}
{"level":"info","timestamp":"2025-02-01T01:14:29.856+0700","caller":"/home/pebble/Projects/maxcloud_vps/service/update_service.go:69","message":"fetching clients","clients":[{"ClientID":"f027b78d-09c5-4cfb-94ed-6b65cc3a7a86","BillingID":"9bf41cc5-327d-47ac-bb70-1529ec5ea815","Suspended":false,"Balance":8897000,"MonthlyFee":1440000,"CostPerHour":2000,"TotalFee":88000,"Uptime":44,"CreatedAt":"2025-02-01T01:08:51.45592+07:00"}]}
{"level":"warn","timestamp":"2025-02-01T01:14:34.596+0700","caller":"/home/pebble/Projects/maxcloud_vps/repository/client_repository.go:46","message":"already exists","warn":"email exists","email":"bagas3@gmail.com"}
{"level":"info","timestamp":"2025-02-01T01:14:34.857+0700","caller":"/home/pebble/Projects/maxcloud_vps/service/update_service.go:78","message":"Started fetching client"}
{"level":"info","timestamp":"2025-02-01T01:14:34.858+0700","caller":"/home/pebble/Projects/maxcloud_vps/service/update_service.go:39","message":"Worker processing transaction","client_id":"f027b78d-09c5-4cfb-94ed-6b65cc3a7a86"}
{"level":"info","timestamp":"2025-02-01T01:14:35.864+0700","caller":"/home/pebble/Projects/maxcloud_vps/service/update_service.go:69","message":"fetching clients","clients":[{"ClientID":"f027b78d-09c5-4cfb-94ed-6b65cc3a7a86","BillingID":"9bf41cc5-327d-47ac-bb70-1529ec5ea815","Suspended":false,"Balance":8895000,"MonthlyFee":1440000,"CostPerHour":2000,"TotalFee":90000,"Uptime":45,"CreatedAt":"2025-02-01T01:08:51.45592+07:00"}]}
{"level":"info","timestamp":"2025-02-01T01:14:40.867+0700","caller":"/home/pebble/Projects/maxcloud_vps/service/update_service.go:78","message":"Started fetching client"}
{"level":"info","timestamp":"2025-02-01T01:14:40.867+0700","caller":"/home/pebble/Projects/maxcloud_vps/service/update_service.go:39","message":"Worker processing transaction","client_id":"f027b78d-09c5-4cfb-94ed-6b65cc3a7a86"}
{"level":"info","timestamp":"2025-02-01T01:14:41.873+0700","caller":"/home/pebble/Projects/maxcloud_vps/service/update_service.go:69","message":"fetching clients","clients":[{"ClientID":"f027b78d-09c5-4cfb-94ed-6b65cc3a7a86","BillingID":"9bf41cc5-327d-47ac-bb70-1529ec5ea815","Suspended":false,"Balance":8893000,"MonthlyFee":1440000,"CostPerHour":2000,"TotalFee":92000,"Uptime":46,"CreatedAt":"2025-02-01T01:08:51.45592+07:00"}]}
{"level":"info","timestamp":"2025-02-01T01:14:46.876+0700","caller":"/home/pebble/Projects/maxcloud_vps/service/update_service.go:78","message":"Started fetching client"}
{"level":"info","timestamp":"2025-02-01T01:14:46.876+0700","caller":"/home/pebble/Projects/maxcloud_vps/service/update_service.go:39","message":"Worker processing transaction","client_id":"f027b78d-09c5-4cfb-94ed-6b65cc3a7a86"}
{"level":"info","timestamp":"2025-02-01T01:14:47.882+0700","caller":"/home/pebble/Projects/maxcloud_vps/service/update_service.go:69","message":"fetching clients","clients":[{"ClientID":"f027b78d-09c5-4cfb-94ed-6b65cc3a7a86","BillingID":"9bf41cc5-327d-47ac-bb70-1529ec5ea815","Suspended":false,"Balance":8891000,"MonthlyFee":1440000,"CostPerHour":2000,"TotalFee":94000,"Uptime":47,"CreatedAt":"2025-02-01T01:08:51.45592+07:00"}]}
{"level":"info","timestamp":"2025-02-01T01:14:52.884+0700","caller":"/home/pebble/Projects/maxcloud_vps/service/update_service.go:39","message":"Worker processing transaction","client_id":"f027b78d-09c5-4cfb-94ed-6b65cc3a7a86"}
{"level":"info","timestamp":"2025-02-01T01:14:52.884+0700","caller":"/home/pebble/Projects/maxcloud_vps/service/update_service.go:78","message":"Started fetching client"}
{"level":"info","timestamp":"2025-02-01T01:14:53.890+0700","caller":"/home/pebble/Projects/maxcloud_vps/service/update_service.go:69","message":"fetching clients","clients":[{"ClientID":"f027b78d-09c5-4cfb-94ed-6b65cc3a7a86","BillingID":"9bf41cc5-327d-47ac-bb70-1529ec5ea815","Suspended":false,"Balance":8889000,"MonthlyFee":1440000,"CostPerHour":2000,"TotalFee":96000,"Uptime":48,"CreatedAt":"2025-02-01T01:08:51.45592+07:00"}]}
{"level":"info","timestamp":"2025-02-01T01:14:58.891+0700","caller":"/home/pebble/Projects/maxcloud_vps/service/update_service.go:78","message":"Started fetching client"}
{"level":"info","timestamp":"2025-02-01T01:14:58.891+0700","caller":"/home/pebble/Projects/maxcloud_vps/service/update_service.go:39","message":"Worker processing transaction","client_id":"f027b78d-09c5-4cfb-94ed-6b65cc3a7a86"}
{"level":"info","timestamp":"2025-02-01T01:14:59.898+0700","caller":"/home/pebble/Projects/maxcloud_vps/service/update_service.go:69","message":"fetching clients","clients":[{"ClientID":"f027b78d-09c5-4cfb-94ed-6b65cc3a7a86","BillingID":"9bf41cc5-327d-47ac-bb70-1529ec5ea815","Suspended":false,"Balance":8887000,"MonthlyFee":1440000,"CostPerHour":2000,"TotalFee":98000,"Uptime":49,"CreatedAt":"2025-02-01T01:08:51.45592+07:00"}]}
{"level":"info","timestamp":"2025-02-01T01:15:04.901+0700","caller":"/home/pebble/Projects/maxcloud_vps/service/update_service.go:78","message":"Started fetching client"}
{"level":"info","timestamp":"2025-02-01T01:15:04.901+0700","caller":"/home/pebble/Projects/maxcloud_vps/service/update_service.go:39","message":"Worker processing transaction","client_id":"f027b78d-09c5-4cfb-94ed-6b65cc3a7a86"}
{"level":"info","timestamp":"2025-02-01T01:15:05.906+0700","caller":"/home/pebble/Projects/maxcloud_vps/service/update_service.go:69","message":"fetching clients","clients":[{"ClientID":"f027b78d-09c5-4cfb-94ed-6b65cc3a7a86","BillingID":"9bf41cc5-327d-47ac-bb70-1529ec5ea815","Suspended":false,"Balance":8885000,"MonthlyFee":1440000,"CostPerHour":2000,"TotalFee":100000,"Uptime":50,"CreatedAt":"2025-02-01T01:08:51.45592+07:00"}]}
{"level":"info","timestamp":"2025-02-01T01:15:10.908+0700","caller":"/home/pebble/Projects/maxcloud_vps/service/update_service.go:39","message":"Worker processing transaction","client_id":"f027b78d-09c5-4cfb-94ed-6b65cc3a7a86"}
{"level":"info","timestamp":"2025-02-01T01:15:10.907+0700","caller":"/home/pebble/Projects/maxcloud_vps/service/update_service.go:78","message":"Started fetching client"}
{"level":"info","timestamp":"2025-02-01T01:15:11.916+0700","caller":"/home/pebble/Projects/maxcloud_vps/service/update_service.go:69","message":"fetching clients","clients":[{"ClientID":"f027b78d-09c5-4cfb-94ed-6b65cc3a7a86","BillingID":"9bf41cc5-327d-47ac-bb70-1529ec5ea815","Suspended":false,"Balance":8883000,"MonthlyFee":1440000,"CostPerHour":2000,"TotalFee":102000,"Uptime":51,"CreatedAt":"2025-02-01T01:08:51.45592+07:00"}]}
{"level":"info","timestamp":"2025-02-01T01:15:16.918+0700","caller":"/home/pebble/Projects/maxcloud_vps/service/update_service.go:78","message":"Started fetching client"}
{"level":"info","timestamp":"2025-02-01T01:15:16.918+0700","caller":"/home/pebble/Projects/maxcloud_vps/service/update_service.go:39","message":"Worker processing transaction","client_id":"f027b78d-09c5-4cfb-94ed-6b65cc3a7a86"}
{"level":"info","timestamp":"2025-02-01T01:15:17.924+0700","caller":"/home/pebble/Projects/maxcloud_vps/service/update_service.go:69","message":"fetching clients","clients":[{"ClientID":"f027b78d-09c5-4cfb-94ed-6b65cc3a7a86","BillingID":"9bf41cc5-327d-47ac-bb70-1529ec5ea815","Suspended":false,"Balance":8881000,"MonthlyFee":1440000,"CostPerHour":2000,"TotalFee":104000,"Uptime":52,"CreatedAt":"2025-02-01T01:08:51.45592+07:00"}]}
{"level":"info","timestamp":"2025-02-01T01:15:22.928+0700","caller":"/home/pebble/Projects/maxcloud_vps/service/update_service.go:78","message":"Started fetching client"}
{"level":"info","timestamp":"2025-02-01T01:15:22.928+0700","caller":"/home/pebble/Projects/maxcloud_vps/service/update_service.go:39","message":"Worker processing transaction","client_id":"f027b78d-09c5-4cfb-94ed-6b65cc3a7a86"}
{"level":"info","timestamp":"2025-02-01T01:15:23.934+0700","caller":"/home/pebble/Projects/maxcloud_vps/service/update_service.go:69","message":"fetching clients","clients":[{"ClientID":"f027b78d-09c5-4cfb-94ed-6b65cc3a7a86","BillingID":"9bf41cc5-327d-47ac-bb70-1529ec5ea815","Suspended":false,"Balance":8879000,"MonthlyFee":1440000,"CostPerHour":2000,"TotalFee":106000,"Uptime":53,"CreatedAt":"2025-02-01T01:08:51.45592+07:00"}]}
{"level":"info","timestamp":"2025-02-01T01:15:28.937+0700","caller":"/home/pebble/Projects/maxcloud_vps/service/update_service.go:78","message":"Started fetching client"}
{"level":"info","timestamp":"2025-02-01T01:15:28.938+0700","caller":"/home/pebble/Projects/maxcloud_vps/service/update_service.go:39","message":"Worker processing transaction","client_id":"f027b78d-09c5-4cfb-94ed-6b65cc3a7a86"}
{"level":"info","timestamp":"2025-02-01T01:15:29.944+0700","caller":"/home/pebble/Projects/maxcloud_vps/service/update_service.go:69","message":"fetching clients","clients":[{"ClientID":"f027b78d-09c5-4cfb-94ed-6b65cc3a7a86","BillingID":"9bf41cc5-327d-47ac-bb70-1529ec5ea815","Suspended":false,"Balance":8877000,"MonthlyFee":1440000,"CostPerHour":2000,"TotalFee":108000,"Uptime":54,"CreatedAt":"2025-02-01T01:08:51.45592+07:00"}]}
{"level":"info","timestamp":"2025-02-01T01:15:34.953+0700","caller":"/home/pebble/Projects/maxcloud_vps/service/update_service.go:78","message":"Started fetching client"}
{"level":"info","timestamp":"2025-02-01T01:15:34.953+0700","caller":"/home/pebble/Projects/maxcloud_vps/service/update_service.go:39","message":"Worker processing transaction","client_id":"f027b78d-09c5-4cfb-94ed-6b65cc3a7a86"}
{"level":"info","timestamp":"2025-02-01T01:15:35.958+0700","caller":"/home/pebble/Projects/maxcloud_vps/service/update_service.go:69","message":"fetching clients","clients":[{"ClientID":"f027b78d-09c5-4cfb-94ed-6b65cc3a7a86","BillingID":"9bf41cc5-327d-47ac-bb70-1529ec5ea815","Suspended":false,"Balance":8875000,"MonthlyFee":1440000,"CostPerHour":2000,"TotalFee":110000,"Uptime":55,"CreatedAt":"2025-02-01T01:08:51.45592+07:00"}]}
{"level":"info","timestamp":"2025-02-01T01:15:40.961+0700","caller":"/home/pebble/Projects/maxcloud_vps/service/update_service.go:39","message":"Worker processing transaction","client_id":"f027b78d-09c5-4cfb-94ed-6b65cc3a7a86"}
{"level":"info","timestamp":"2025-02-01T01:15:40.961+0700","caller":"/home/pebble/Projects/maxcloud_vps/service/update_service.go:78","message":"Started fetching client"}
{"level":"info","timestamp":"2025-02-01T01:15:41.967+0700","caller":"/home/pebble/Projects/maxcloud_vps/service/update_service.go:69","message":"fetching clients","clients":[{"ClientID":"f027b78d-09c5-4cfb-94ed-6b65cc3a7a86","BillingID":"9bf41cc5-327d-47ac-bb70-1529ec5ea815","Suspended":false,"Balance":8873000,"MonthlyFee":1440000,"CostPerHour":2000,"TotalFee":112000,"Uptime":56,"CreatedAt":"2025-02-01T01:08:51.45592+07:00"}]}
{"level":"info","timestamp":"2025-02-01T01:15:46.968+0700","caller":"/home/pebble/Projects/maxcloud_vps/service/update_service.go:39","message":"Worker processing transaction","client_id":"f027b78d-09c5-4cfb-94ed-6b65cc3a7a86"}
{"level":"info","timestamp":"2025-02-01T01:15:46.967+0700","caller":"/home/pebble/Projects/maxcloud_vps/service/update_service.go:78","message":"Started fetching client"}
{"level":"info","timestamp":"2025-02-01T01:15:47.973+0700","caller":"/home/pebble/Projects/maxcloud_vps/service/update_service.go:69","message":"fetching clients","clients":[{"ClientID":"f027b78d-09c5-4cfb-94ed-6b65cc3a7a86","BillingID":"9bf41cc5-327d-47ac-bb70-1529ec5ea815","Suspended":false,"Balance":8871000,"MonthlyFee":1440000,"CostPerHour":2000,"TotalFee":114000,"Uptime":57,"CreatedAt":"2025-02-01T01:08:51.45592+07:00"}]}
{"level":"info","timestamp":"2025-02-01T01:15:52.977+0700","caller":"/home/pebble/Projects/maxcloud_vps/service/update_service.go:78","message":"Started fetching client"}
{"level":"info","timestamp":"2025-02-01T01:15:52.978+0700","caller":"/home/pebble/Projects/maxcloud_vps/service/update_service.go:39","message":"Worker processing transaction","client_id":"f027b78d-09c5-4cfb-94ed-6b65cc3a7a86"}
{"level":"info","timestamp":"2025-02-01T01:15:53.983+0700","caller":"/home/pebble/Projects/maxcloud_vps/service/update_service.go:69","message":"fetching clients","clients":[{"ClientID":"f027b78d-09c5-4cfb-94ed-6b65cc3a7a86","BillingID":"9bf41cc5-327d-47ac-bb70-1529ec5ea815","Suspended":false,"Balance":8869000,"MonthlyFee":1440000,"CostPerHour":2000,"TotalFee":116000,"Uptime":58,"CreatedAt":"2025-02-01T01:08:51.45592+07:00"}]}
{"level":"info","timestamp":"2025-02-01T01:15:58.987+0700","caller":"/home/pebble/Projects/maxcloud_vps/service/update_service.go:78","message":"Started fetching client"}
{"level":"info","timestamp":"2025-02-01T01:15:58.987+0700","caller":"/home/pebble/Projects/maxcloud_vps/service/update_service.go:39","message":"Worker processing transaction","client_id":"f027b78d-09c5-4cfb-94ed-6b65cc3a7a86"}
{"level":"info","timestamp":"2025-02-01T01:15:59.993+0700","caller":"/home/pebble/Projects/maxcloud_vps/service/update_service.go:69","message":"fetching clients","clients":[{"ClientID":"f027b78d-09c5-4cfb-94ed-6b65cc3a7a86","BillingID":"9bf41cc5-327d-47ac-bb70-1529ec5ea815","Suspended":false,"Balance":8867000,"MonthlyFee":1440000,"CostPerHour":2000,"TotalFee":118000,"Uptime":59,"CreatedAt":"2025-02-01T01:08:51.45592+07:00"}]}
{"level":"info","timestamp":"2025-02-01T01:16:04.994+0700","caller":"/home/pebble/Projects/maxcloud_vps/service/update_service.go:78","message":"Started fetching client"}
{"level":"info","timestamp":"2025-02-01T01:16:04.994+0700","caller":"/home/pebble/Projects/maxcloud_vps/service/update_service.go:39","message":"Worker processing transaction","client_id":"f027b78d-09c5-4cfb-94ed-6b65cc3a7a86"}
{"level":"info","timestamp":"2025-02-01T01:16:06.000+0700","caller":"/home/pebble/Projects/maxcloud_vps/service/update_service.go:69","message":"fetching clients","clients":[{"ClientID":"f027b78d-09c5-4cfb-94ed-6b65cc3a7a86","BillingID":"9bf41cc5-327d-47ac-bb70-1529ec5ea815","Suspended":false,"Balance":8865000,"MonthlyFee":1440000,"CostPerHour":2000,"TotalFee":120000,"Uptime":60,"CreatedAt":"2025-02-01T01:08:51.45592+07:00"}]}
{"level":"info","timestamp":"2025-02-01T01:16:11.004+0700","caller":"/home/pebble/Projects/maxcloud_vps/service/update_service.go:78","message":"Started fetching client"}
{"level":"info","timestamp":"2025-02-01T01:16:11.004+0700","caller":"/home/pebble/Projects/maxcloud_vps/service/update_service.go:39","message":"Worker processing transaction","client_id":"f027b78d-09c5-4cfb-94ed-6b65cc3a7a86"}
{"level":"info","timestamp":"2025-02-01T01:16:12.011+0700","caller":"/home/pebble/Projects/maxcloud_vps/service/update_service.go:69","message":"fetching clients","clients":[{"ClientID":"f027b78d-09c5-4cfb-94ed-6b65cc3a7a86","BillingID":"9bf41cc5-327d-47ac-bb70-1529ec5ea815","Suspended":false,"Balance":8863000,"MonthlyFee":1440000,"CostPerHour":2000,"TotalFee":122000,"Uptime":61,"CreatedAt":"2025-02-01T01:08:51.45592+07:00"}]}
{"level":"info","timestamp":"2025-02-01T01:16:17.014+0700","caller":"/home/pebble/Projects/maxcloud_vps/service/update_service.go:39","message":"Worker processing transaction","client_id":"f027b78d-09c5-4cfb-94ed-6b65cc3a7a86"}
{"level":"info","timestamp":"2025-02-01T01:16:17.014+0700","caller":"/home/pebble/Projects/maxcloud_vps/service/update_service.go:78","message":"Started fetching client"}
{"level":"info","timestamp":"2025-02-01T01:16:18.020+0700","caller":"/home/pebble/Projects/maxcloud_vps/service/update_service.go:69","message":"fetching clients","clients":[{"ClientID":"f027b78d-09c5-4cfb-94ed-6b65cc3a7a86","BillingID":"9bf41cc5-327d-47ac-bb70-1529ec5ea815","Suspended":false,"Balance":8861000,"MonthlyFee":1440000,"CostPerHour":2000,"TotalFee":124000,"Uptime":62,"CreatedAt":"2025-02-01T01:08:51.45592+07:00"}]}
{"level":"info","timestamp":"2025-02-01T01:16:23.023+0700","caller":"/home/pebble/Projects/maxcloud_vps/service/update_service.go:39","message":"Worker processing transaction","client_id":"f027b78d-09c5-4cfb-94ed-6b65cc3a7a86"}
{"level":"info","timestamp":"2025-02-01T01:16:23.023+0700","caller":"/home/pebble/Projects/maxcloud_vps/service/update_service.go:78","message":"Started fetching client"}
{"level":"info","timestamp":"2025-02-01T01:16:24.028+0700","caller":"/home/pebble/Projects/maxcloud_vps/service/update_service.go:69","message":"fetching clients","clients":[{"ClientID":"f027b78d-09c5-4cfb-94ed-6b65cc3a7a86","BillingID":"9bf41cc5-327d-47ac-bb70-1529ec5ea815","Suspended":false,"Balance":8859000,"MonthlyFee":1440000,"CostPerHour":2000,"TotalFee":126000,"Uptime":63,"CreatedAt":"2025-02-01T01:08:51.45592+07:00"}]}
{"level":"info","timestamp":"2025-02-01T01:16:29.032+0700","caller":"/home/pebble/Projects/maxcloud_vps/service/update_service.go:78","message":"Started fetching client"}
{"level":"info","timestamp":"2025-02-01T01:16:29.032+0700","caller":"/home/pebble/Projects/maxcloud_vps/service/update_service.go:39","message":"Worker processing transaction","client_id":"f027b78d-09c5-4cfb-94ed-6b65cc3a7a86"}
{"level":"info","timestamp":"2025-02-01T01:16:30.038+0700","caller":"/home/pebble/Projects/maxcloud_vps/service/update_service.go:69","message":"fetching clients","clients":[{"ClientID":"f027b78d-09c5-4cfb-94ed-6b65cc3a7a86","BillingID":"9bf41cc5-327d-47ac-bb70-1529ec5ea815","Suspended":false,"Balance":8857000,"MonthlyFee":1440000,"CostPerHour":2000,"TotalFee":128000,"Uptime":64,"CreatedAt":"2025-02-01T01:08:51.45592+07:00"}]}
{"level":"info","timestamp":"2025-02-01T01:16:35.041+0700","caller":"/home/pebble/Projects/maxcloud_vps/service/update_service.go:78","message":"Started fetching client"}
{"level":"info","timestamp":"2025-02-01T01:16:35.041+0700","caller":"/home/pebble/Projects/maxcloud_vps/service/update_service.go:39","message":"Worker processing transaction","client_id":"f027b78d-09c5-4cfb-94ed-6b65cc3a7a86"}
{"level":"info","timestamp":"2025-02-01T01:16:36.047+0700","caller":"/home/pebble/Projects/maxcloud_vps/service/update_service.go:69","message":"fetching clients","clients":[{"ClientID":"f027b78d-09c5-4cfb-94ed-6b65cc3a7a86","BillingID":"9bf41cc5-327d-47ac-bb70-1529ec5ea815","Suspended":false,"Balance":8855000,"MonthlyFee":1440000,"CostPerHour":2000,"TotalFee":130000,"Uptime":65,"CreatedAt":"2025-02-01T01:08:51.45592+07:00"}]}
{"level":"info","timestamp":"2025-02-01T01:16:41.051+0700","caller":"/home/pebble/Projects/maxcloud_vps/service/update_service.go:78","message":"Started fetching client"}
{"level":"info","timestamp":"2025-02-01T01:16:41.051+0700","caller":"/home/pebble/Projects/maxcloud_vps/service/update_service.go:39","message":"Worker processing transaction","client_id":"f027b78d-09c5-4cfb-94ed-6b65cc3a7a86"}
{"level":"info","timestamp":"2025-02-01T01:16:42.058+0700","caller":"/home/pebble/Projects/maxcloud_vps/service/update_service.go:69","message":"fetching clients","clients":[{"ClientID":"f027b78d-09c5-4cfb-94ed-6b65cc3a7a86","BillingID":"9bf41cc5-327d-47ac-bb70-1529ec5ea815","Suspended":false,"Balance":8853000,"MonthlyFee":1440000,"CostPerHour":2000,"TotalFee":132000,"Uptime":66,"CreatedAt":"2025-02-01T01:08:51.45592+07:00"}]}
{"level":"info","timestamp":"2025-02-01T01:16:47.061+0700","caller":"/home/pebble/Projects/maxcloud_vps/service/update_service.go:78","message":"Started fetching client"}
{"level":"info","timestamp":"2025-02-01T01:16:47.061+0700","caller":"/home/pebble/Projects/maxcloud_vps/service/update_service.go:39","message":"Worker processing transaction","client_id":"f027b78d-09c5-4cfb-94ed-6b65cc3a7a86"}
{"level":"info","timestamp":"2025-02-01T01:16:48.067+0700","caller":"/home/pebble/Projects/maxcloud_vps/service/update_service.go:69","message":"fetching clients","clients":[{"ClientID":"f027b78d-09c5-4cfb-94ed-6b65cc3a7a86","BillingID":"9bf41cc5-327d-47ac-bb70-1529ec5ea815","Suspended":false,"Balance":8851000,"MonthlyFee":1440000,"CostPerHour":2000,"TotalFee":134000,"Uptime":67,"CreatedAt":"2025-02-01T01:08:51.45592+07:00"}]}
{"level":"info","timestamp":"2025-02-01T01:16:53.068+0700","caller":"/home/pebble/Projects/maxcloud_vps/service/update_service.go:78","message":"Started fetching client"}
{"level":"info","timestamp":"2025-02-01T01:16:53.068+0700","caller":"/home/pebble/Projects/maxcloud_vps/service/update_service.go:39","message":"Worker processing transaction","client_id":"f027b78d-09c5-4cfb-94ed-6b65cc3a7a86"}
{"level":"info","timestamp":"2025-02-01T01:16:54.074+0700","caller":"/home/pebble/Projects/maxcloud_vps/service/update_service.go:69","message":"fetching clients","clients":[{"ClientID":"f027b78d-09c5-4cfb-94ed-6b65cc3a7a86","BillingID":"9bf41cc5-327d-47ac-bb70-1529ec5ea815","Suspended":false,"Balance":8849000,"MonthlyFee":1440000,"CostPerHour":2000,"TotalFee":136000,"Uptime":68,"CreatedAt":"2025-02-01T01:08:51.45592+07:00"}]}
{"level":"info","timestamp":"2025-02-01T01:16:59.077+0700","caller":"/home/pebble/Projects/maxcloud_vps/service/update_service.go:78","message":"Started fetching client"}
{"level":"info","timestamp":"2025-02-01T01:16:59.078+0700","caller":"/home/pebble/Projects/maxcloud_vps/service/update_service.go:39","message":"Worker processing transaction","client_id":"f027b78d-09c5-4cfb-94ed-6b65cc3a7a86"}
{"level":"info","timestamp":"2025-02-01T01:17:00.083+0700","caller":"/home/pebble/Projects/maxcloud_vps/service/update_service.go:69","message":"fetching clients","clients":[{"ClientID":"f027b78d-09c5-4cfb-94ed-6b65cc3a7a86","BillingID":"9bf41cc5-327d-47ac-bb70-1529ec5ea815","Suspended":false,"Balance":8847000,"MonthlyFee":1440000,"CostPerHour":2000,"TotalFee":138000,"Uptime":69,"CreatedAt":"2025-02-01T01:08:51.45592+07:00"}]}
{"level":"info","timestamp":"2025-02-01T01:17:05.086+0700","caller":"/home/pebble/Projects/maxcloud_vps/service/update_service.go:78","message":"Started fetching client"}
{"level":"info","timestamp":"2025-02-01T01:17:05.087+0700","caller":"/home/pebble/Projects/maxcloud_vps/service/update_service.go:39","message":"Worker processing transaction","client_id":"f027b78d-09c5-4cfb-94ed-6b65cc3a7a86"}
{"level":"info","timestamp":"2025-02-01T01:17:06.093+0700","caller":"/home/pebble/Projects/maxcloud_vps/service/update_service.go:69","message":"fetching clients","clients":[{"ClientID":"f027b78d-09c5-4cfb-94ed-6b65cc3a7a86","BillingID":"9bf41cc5-327d-47ac-bb70-1529ec5ea815","Suspended":false,"Balance":8845000,"MonthlyFee":1440000,"CostPerHour":2000,"TotalFee":140000,"Uptime":70,"CreatedAt":"2025-02-01T01:08:51.45592+07:00"}]}
{"level":"info","timestamp":"2025-02-01T01:17:11.094+0700","caller":"/home/pebble/Projects/maxcloud_vps/service/update_service.go:78","message":"Started fetching client"}
{"level":"info","timestamp":"2025-02-01T01:17:11.094+0700","caller":"/home/pebble/Projects/maxcloud_vps/service/update_service.go:39","message":"Worker processing transaction","client_id":"f027b78d-09c5-4cfb-94ed-6b65cc3a7a86"}
{"level":"info","timestamp":"2025-02-01T01:17:12.100+0700","caller":"/home/pebble/Projects/maxcloud_vps/service/update_service.go:69","message":"fetching clients","clients":[{"ClientID":"f027b78d-09c5-4cfb-94ed-6b65cc3a7a86","BillingID":"9bf41cc5-327d-47ac-bb70-1529ec5ea815","Suspended":false,"Balance":8843000,"MonthlyFee":1440000,"CostPerHour":2000,"TotalFee":142000,"Uptime":71,"CreatedAt":"2025-02-01T01:08:51.45592+07:00"}]}
{"level":"info","timestamp":"2025-02-01T01:17:17.104+0700","caller":"/home/pebble/Projects/maxcloud_vps/service/update_service.go:78","message":"Started fetching client"}
{"level":"info","timestamp":"2025-02-01T01:17:17.104+0700","caller":"/home/pebble/Projects/maxcloud_vps/service/update_service.go:39","message":"Worker processing transaction","client_id":"f027b78d-09c5-4cfb-94ed-6b65cc3a7a86"}
{"level":"info","timestamp":"2025-02-01T01:17:18.110+0700","caller":"/home/pebble/Projects/maxcloud_vps/service/update_service.go:69","message":"fetching clients","clients":[{"ClientID":"f027b78d-09c5-4cfb-94ed-6b65cc3a7a86","BillingID":"9bf41cc5-327d-47ac-bb70-1529ec5ea815","Suspended":false,"Balance":8841000,"MonthlyFee":1440000,"CostPerHour":2000,"TotalFee":144000,"Uptime":72,"CreatedAt":"2025-02-01T01:08:51.45592+07:00"}]}
{"level":"info","timestamp":"2025-02-01T01:17:23.113+0700","caller":"/home/pebble/Projects/maxcloud_vps/service/update_service.go:39","message":"Worker processing transaction","client_id":"f027b78d-09c5-4cfb-94ed-6b65cc3a7a86"}
{"level":"info","timestamp":"2025-02-01T01:17:23.113+0700","caller":"/home/pebble/Projects/maxcloud_vps/service/update_service.go:78","message":"Started fetching client"}
{"level":"info","timestamp":"2025-02-01T01:17:24.119+0700","caller":"/home/pebble/Projects/maxcloud_vps/service/update_service.go:69","message":"fetching clients","clients":[{"ClientID":"f027b78d-09c5-4cfb-94ed-6b65cc3a7a86","BillingID":"9bf41cc5-327d-47ac-bb70-1529ec5ea815","Suspended":false,"Balance":8839000,"MonthlyFee":1440000,"CostPerHour":2000,"TotalFee":146000,"Uptime":73,"CreatedAt":"2025-02-01T01:08:51.45592+07:00"}]}
{"level":"info","timestamp":"2025-02-01T01:17:29.121+0700","caller":"/home/pebble/Projects/maxcloud_vps/service/update_service.go:39","message":"Worker processing transaction","client_id":"f027b78d-09c5-4cfb-94ed-6b65cc3a7a86"}
{"level":"info","timestamp":"2025-02-01T01:17:29.121+0700","caller":"/home/pebble/Projects/maxcloud_vps/service/update_service.go:78","message":"Started fetching client"}
{"level":"info","timestamp":"2025-02-01T01:17:30.139+0700","caller":"/home/pebble/Projects/maxcloud_vps/service/update_service.go:69","message":"fetching clients","clients":[{"ClientID":"f027b78d-09c5-4cfb-94ed-6b65cc3a7a86","BillingID":"9bf41cc5-327d-47ac-bb70-1529ec5ea815","Suspended":false,"Balance":8837000,"MonthlyFee":1440000,"CostPerHour":2000,"TotalFee":148000,"Uptime":74,"CreatedAt":"2025-02-01T01:08:51.45592+07:00"}]}
{"level":"info","timestamp":"2025-02-01T01:17:35.141+0700","caller":"/home/pebble/Projects/maxcloud_vps/service/update_service.go:78","message":"Started fetching client"}
{"level":"info","timestamp":"2025-02-01T01:17:35.141+0700","caller":"/home/pebble/Projects/maxcloud_vps/service/update_service.go:39","message":"Worker processing transaction","client_id":"f027b78d-09c5-4cfb-94ed-6b65cc3a7a86"}
{"level":"info","timestamp":"2025-02-01T01:17:36.159+0700","caller":"/home/pebble/Projects/maxcloud_vps/service/update_service.go:69","message":"fetching clients","clients":[{"ClientID":"f027b78d-09c5-4cfb-94ed-6b65cc3a7a86","BillingID":"9bf41cc5-327d-47ac-bb70-1529ec5ea815","Suspended":false,"Balance":8835000,"MonthlyFee":1440000,"CostPerHour":2000,"TotalFee":150000,"Uptime":75,"CreatedAt":"2025-02-01T01:08:51.45592+07:00"}]}
{"level":"info","timestamp":"2025-02-01T01:17:41.161+0700","caller":"/home/pebble/Projects/maxcloud_vps/service/update_service.go:78","message":"Started fetching client"}
{"level":"info","timestamp":"2025-02-01T01:17:41.161+0700","caller":"/home/pebble/Projects/maxcloud_vps/service/update_service.go:39","message":"Worker processing transaction","client_id":"f027b78d-09c5-4cfb-94ed-6b65cc3a7a86"}
{"level":"info","timestamp":"2025-02-01T01:17:42.179+0700","caller":"/home/pebble/Projects/maxcloud_vps/service/update_service.go:69","message":"fetching clients","clients":[{"ClientID":"f027b78d-09c5-4cfb-94ed-6b65cc3a7a86","BillingID":"9bf41cc5-327d-47ac-bb70-1529ec5ea815","Suspended":false,"Balance":8833000,"MonthlyFee":1440000,"CostPerHour":2000,"TotalFee":152000,"Uptime":76,"CreatedAt":"2025-02-01T01:08:51.45592+07:00"}]}
{"level":"info","timestamp":"2025-02-01T01:17:47.183+0700","caller":"/home/pebble/Projects/maxcloud_vps/service/update_service.go:39","message":"Worker processing transaction","client_id":"f027b78d-09c5-4cfb-94ed-6b65cc3a7a86"}
{"level":"info","timestamp":"2025-02-01T01:17:47.183+0700","caller":"/home/pebble/Projects/maxcloud_vps/service/update_service.go:78","message":"Started fetching client"}
{"level":"info","timestamp":"2025-02-01T01:17:48.189+0700","caller":"/home/pebble/Projects/maxcloud_vps/service/update_service.go:69","message":"fetching clients","clients":[{"ClientID":"f027b78d-09c5-4cfb-94ed-6b65cc3a7a86","BillingID":"9bf41cc5-327d-47ac-bb70-1529ec5ea815","Suspended":false,"Balance":8831000,"MonthlyFee":1440000,"CostPerHour":2000,"TotalFee":154000,"Uptime":77,"CreatedAt":"2025-02-01T01:08:51.45592+07:00"}]}
{"level":"info","timestamp":"2025-02-01T01:17:53.191+0700","caller":"/home/pebble/Projects/maxcloud_vps/service/update_service.go:78","message":"Started fetching client"}
{"level":"info","timestamp":"2025-02-01T01:17:53.191+0700","caller":"/home/pebble/Projects/maxcloud_vps/service/update_service.go:39","message":"Worker processing transaction","client_id":"f027b78d-09c5-4cfb-94ed-6b65cc3a7a86"}
{"level":"info","timestamp":"2025-02-01T01:17:54.197+0700","caller":"/home/pebble/Projects/maxcloud_vps/service/update_service.go:69","message":"fetching clients","clients":[{"ClientID":"f027b78d-09c5-4cfb-94ed-6b65cc3a7a86","BillingID":"9bf41cc5-327d-47ac-bb70-1529ec5ea815","Suspended":false,"Balance":8829000,"MonthlyFee":1440000,"CostPerHour":2000,"TotalFee":156000,"Uptime":78,"CreatedAt":"2025-02-01T01:08:51.45592+07:00"}]}
{"level":"info","timestamp":"2025-02-01T01:17:59.201+0700","caller":"/home/pebble/Projects/maxcloud_vps/service/update_service.go:78","message":"Started fetching client"}
{"level":"info","timestamp":"2025-02-01T01:17:59.201+0700","caller":"/home/pebble/Projects/maxcloud_vps/service/update_service.go:39","message":"Worker processing transaction","client_id":"f027b78d-09c5-4cfb-94ed-6b65cc3a7a86"}
{"level":"info","timestamp":"2025-02-01T01:18:00.207+0700","caller":"/home/pebble/Projects/maxcloud_vps/service/update_service.go:69","message":"fetching clients","clients":[{"ClientID":"f027b78d-09c5-4cfb-94ed-6b65cc3a7a86","BillingID":"9bf41cc5-327d-47ac-bb70-1529ec5ea815","Suspended":false,"Balance":8827000,"MonthlyFee":1440000,"CostPerHour":2000,"TotalFee":158000,"Uptime":79,"CreatedAt":"2025-02-01T01:08:51.45592+07:00"}]}
{"level":"info","timestamp":"2025-02-01T01:18:05.211+0700","caller":"/home/pebble/Projects/maxcloud_vps/service/update_service.go:78","message":"Started fetching client"}
{"level":"info","timestamp":"2025-02-01T01:18:05.211+0700","caller":"/home/pebble/Projects/maxcloud_vps/service/update_service.go:39","message":"Worker processing transaction","client_id":"f027b78d-09c5-4cfb-94ed-6b65cc3a7a86"}
{"level":"info","timestamp":"2025-02-01T01:18:06.216+0700","caller":"/home/pebble/Projects/maxcloud_vps/service/update_service.go:69","message":"fetching clients","clients":[{"ClientID":"f027b78d-09c5-4cfb-94ed-6b65cc3a7a86","BillingID":"9bf41cc5-327d-47ac-bb70-1529ec5ea815","Suspended":false,"Balance":8825000,"MonthlyFee":1440000,"CostPerHour":2000,"TotalFee":160000,"Uptime":80,"CreatedAt":"2025-02-01T01:08:51.45592+07:00"}]}
{"level":"info","timestamp":"2025-02-01T01:18:11.217+0700","caller":"/home/pebble/Projects/maxcloud_vps/service/update_service.go:78","message":"Started fetching client"}
{"level":"info","timestamp":"2025-02-01T01:18:11.217+0700","caller":"/home/pebble/Projects/maxcloud_vps/service/update_service.go:39","message":"Worker processing transaction","client_id":"f027b78d-09c5-4cfb-94ed-6b65cc3a7a86"}
{"level":"info","timestamp":"2025-02-01T01:18:12.223+0700","caller":"/home/pebble/Projects/maxcloud_vps/service/update_service.go:69","message":"fetching clients","clients":[{"ClientID":"f027b78d-09c5-4cfb-94ed-6b65cc3a7a86","BillingID":"9bf41cc5-327d-47ac-bb70-1529ec5ea815","Suspended":false,"Balance":8823000,"MonthlyFee":1440000,"CostPerHour":2000,"TotalFee":162000,"Uptime":81,"CreatedAt":"2025-02-01T01:08:51.45592+07:00"}]}
{"level":"info","timestamp":"2025-02-01T01:23:04.618+0700","caller":"/home/pebble/Projects/maxcloud_vps/config/logger.go:51","message":"Logger initialized"}
{"level":"info","timestamp":"2025-02-01T01:23:04.618+0700","caller":"/home/pebble/Projects/maxcloud_vps/service/update_service.go:37","message":"Worker started","worker_id":1}
{"level":"info","timestamp":"2025-02-01T01:23:04.618+0700","caller":"/home/pebble/Projects/maxcloud_vps/service/update_service.go:37","message":"Worker started","worker_id":2}
{"level":"info","timestamp":"2025-02-01T01:23:04.618+0700","caller":"/home/pebble/Projects/maxcloud_vps/service/update_service.go:37","message":"Worker started","worker_id":3}
{"level":"info","timestamp":"2025-02-01T01:23:04.618+0700","caller":"/home/pebble/Projects/maxcloud_vps/service/update_service.go:48","message":"Worker pool started"}
{"level":"info","timestamp":"2025-02-01T01:23:04.618+0700","caller":"/home/pebble/Projects/maxcloud_vps/service/update_service.go:37","message":"Worker started","worker_id":4}
{"level":"info","timestamp":"2025-02-01T01:23:04.618+0700","caller":"/home/pebble/Projects/maxcloud_vps/service/update_service.go:37","message":"Worker started","worker_id":0}
{"level":"info","timestamp":"2025-02-01T01:23:04.627+0700","caller":"/home/pebble/Projects/maxcloud_vps/service/update_service.go:69","message":"fetching clients","clients":[{"ClientID":"f027b78d-09c5-4cfb-94ed-6b65cc3a7a86","BillingID":"9bf41cc5-327d-47ac-bb70-1529ec5ea815","Suspended":false,"Balance":8823000,"MonthlyFee":1440000,"CostPerHour":2000,"TotalFee":162000,"Uptime":81,"CreatedAt":"2025-02-01T01:08:51.45592+07:00"}]}
{"level":"info","timestamp":"2025-02-01T01:31:38.309+0700","caller":"/home/pebble/Projects/maxcloud_vps/config/logger.go:51","message":"Logger initialized"}
{"level":"info","timestamp":"2025-02-01T01:31:38.309+0700","caller":"/home/pebble/Projects/maxcloud_vps/service/update_service.go:49","message":"Worker pool started"}
{"level":"info","timestamp":"2025-02-01T01:31:38.309+0700","caller":"/home/pebble/Projects/maxcloud_vps/service/update_service.go:37","message":"Worker started","worker_id":2}
{"level":"info","timestamp":"2025-02-01T01:31:38.309+0700","caller":"/home/pebble/Projects/maxcloud_vps/service/update_service.go:37","message":"Worker started","worker_id":1}
{"level":"info","timestamp":"2025-02-01T01:31:38.309+0700","caller":"/home/pebble/Projects/maxcloud_vps/service/update_service.go:37","message":"Worker started","worker_id":3}
{"level":"info","timestamp":"2025-02-01T01:31:38.309+0700","caller":"/home/pebble/Projects/maxcloud_vps/service/update_service.go:37","message":"Worker started","worker_id":4}
{"level":"info","timestamp":"2025-02-01T01:31:38.309+0700","caller":"/home/pebble/Projects/maxcloud_vps/service/update_service.go:37","message":"Worker started","worker_id":0}
{"level":"error","timestamp":"2025-02-01T01:31:58.794+0700","caller":"/home/pebble/Projects/maxcloud_vps/service/client_service.go:42","message":"bad request","insufficient balance":"remaining balance: -5000, Monthly fee: 1440000","stacktrace":"github.com/bagasadiii/maxcloud_vps/service.(*ClientService).CreateClientService\n\t/home/pebble/Projects/maxcloud_vps/service/client_service.go:42\ngithub.com/bagasadiii/maxcloud_vps/handler.(*ClientHandler).CreateClient\n\t/home/pebble/Projects/maxcloud_vps/handler/client_handler.go:36\nnet/http.HandlerFunc.ServeHTTP\n\t/usr/lib/go/src/net/http/server.go:2220\ngithub.com/gorilla/mux.(*Router).ServeHTTP\n\t/home/pebble/go/pkg/mod/github.com/gorilla/mux@v1.8.1/mux.go:212\nnet/http.serverHandler.ServeHTTP\n\t/usr/lib/go/src/net/http/server.go:3210\nnet/http.(*conn).serve\n\t/usr/lib/go/src/net/http/server.go:2092"}
{"level":"error","timestamp":"2025-02-01T01:32:14.958+0700","caller":"/home/pebble/Projects/maxcloud_vps/service/client_service.go:42","message":"bad request","insufficient balance":"remaining balance: 85000, Monthly fee: 1440000","stacktrace":"github.com/bagasadiii/maxcloud_vps/service.(*ClientService).CreateClientService\n\t/home/pebble/Projects/maxcloud_vps/service/client_service.go:42\ngithub.com/bagasadiii/maxcloud_vps/handler.(*ClientHandler).CreateClient\n\t/home/pebble/Projects/maxcloud_vps/handler/client_handler.go:36\nnet/http.HandlerFunc.ServeHTTP\n\t/usr/lib/go/src/net/http/server.go:2220\ngithub.com/gorilla/mux.(*Router).ServeHTTP\n\t/home/pebble/go/pkg/mod/github.com/gorilla/mux@v1.8.1/mux.go:212\nnet/http.serverHandler.ServeHTTP\n\t/usr/lib/go/src/net/http/server.go:3210\nnet/http.(*conn).serve\n\t/usr/lib/go/src/net/http/server.go:2092"}
{"level":"error","timestamp":"2025-02-01T01:32:23.352+0700","caller":"/home/pebble/Projects/maxcloud_vps/service/client_service.go:42","message":"bad request","insufficient balance":"remaining balance: 129000, Monthly fee: 1440000","stacktrace":"github.com/bagasadiii/maxcloud_vps/service.(*ClientService).CreateClientService\n\t/home/pebble/Projects/maxcloud_vps/service/client_service.go:42\ngithub.com/bagasadiii/maxcloud_vps/handler.(*ClientHandler).CreateClient\n\t/home/pebble/Projects/maxcloud_vps/handler/client_handler.go:36\nnet/http.HandlerFunc.ServeHTTP\n\t/usr/lib/go/src/net/http/server.go:2220\ngithub.com/gorilla/mux.(*Router).ServeHTTP\n\t/home/pebble/go/pkg/mod/github.com/gorilla/mux@v1.8.1/mux.go:212\nnet/http.serverHandler.ServeHTTP\n\t/usr/lib/go/src/net/http/server.go:3210\nnet/http.(*conn).serve\n\t/usr/lib/go/src/net/http/server.go:2092"}
{"level":"error","timestamp":"2025-02-01T01:34:32.654+0700","caller":"/home/pebble/Projects/maxcloud_vps/service/client_service.go:42","message":"bad request","insufficient balance":"remaining balance: 129000, Monthly fee: 1440000","stacktrace":"github.com/bagasadiii/maxcloud_vps/service.(*ClientService).CreateClientService\n\t/home/pebble/Projects/maxcloud_vps/service/client_service.go:42\ngithub.com/bagasadiii/maxcloud_vps/handler.(*ClientHandler).CreateClient\n\t/home/pebble/Projects/maxcloud_vps/handler/client_handler.go:36\nnet/http.HandlerFunc.ServeHTTP\n\t/usr/lib/go/src/net/http/server.go:2220\ngithub.com/gorilla/mux.(*Router).ServeHTTP\n\t/home/pebble/go/pkg/mod/github.com/gorilla/mux@v1.8.1/mux.go:212\nnet/http.serverHandler.ServeHTTP\n\t/usr/lib/go/src/net/http/server.go:3210\nnet/http.(*conn).serve\n\t/usr/lib/go/src/net/http/server.go:2092"}
{"level":"error","timestamp":"2025-02-01T01:34:33.635+0700","caller":"/home/pebble/Projects/maxcloud_vps/service/client_service.go:42","message":"bad request","insufficient balance":"remaining balance: 129000, Monthly fee: 1440000","stacktrace":"github.com/bagasadiii/maxcloud_vps/service.(*ClientService).CreateClientService\n\t/home/pebble/Projects/maxcloud_vps/service/client_service.go:42\ngithub.com/bagasadiii/maxcloud_vps/handler.(*ClientHandler).CreateClient\n\t/home/pebble/Projects/maxcloud_vps/handler/client_handler.go:36\nnet/http.HandlerFunc.ServeHTTP\n\t/usr/lib/go/src/net/http/server.go:2220\ngithub.com/gorilla/mux.(*Router).ServeHTTP\n\t/home/pebble/go/pkg/mod/github.com/gorilla/mux@v1.8.1/mux.go:212\nnet/http.serverHandler.ServeHTTP\n\t/usr/lib/go/src/net/http/server.go:3210\nnet/http.(*conn).serve\n\t/usr/lib/go/src/net/http/server.go:2092"}
{"level":"error","timestamp":"2025-02-01T01:38:50.958+0700","caller":"/home/pebble/Projects/maxcloud_vps/service/client_service.go:42","message":"bad request","insufficient balance":"remaining balance: 129000, Monthly fee: 1440000","stacktrace":"github.com/bagasadiii/maxcloud_vps/service.(*ClientService).CreateClientService\n\t/home/pebble/Projects/maxcloud_vps/service/client_service.go:42\ngithub.com/bagasadiii/maxcloud_vps/handler.(*ClientHandler).CreateClient\n\t/home/pebble/Projects/maxcloud_vps/handler/client_handler.go:36\nnet/http.HandlerFunc.ServeHTTP\n\t/usr/lib/go/src/net/http/server.go:2220\ngithub.com/gorilla/mux.(*Router).ServeHTTP\n\t/home/pebble/go/pkg/mod/github.com/gorilla/mux@v1.8.1/mux.go:212\nnet/http.serverHandler.ServeHTTP\n\t/usr/lib/go/src/net/http/server.go:3210\nnet/http.(*conn).serve\n\t/usr/lib/go/src/net/http/server.go:2092"}
{"level":"info","timestamp":"2025-02-01T01:39:00.150+0700","caller":"/home/pebble/Projects/maxcloud_vps/config/logger.go:51","message":"Logger initialized"}
{"level":"info","timestamp":"2025-02-01T01:39:00.150+0700","caller":"/home/pebble/Projects/maxcloud_vps/service/update_service.go:49","message":"Worker pool started"}
{"level":"info","timestamp":"2025-02-01T01:39:00.150+0700","caller":"/home/pebble/Projects/maxcloud_vps/service/update_service.go:37","message":"Worker started","worker_id":1}
{"level":"info","timestamp":"2025-02-01T01:39:00.150+0700","caller":"/home/pebble/Projects/maxcloud_vps/service/update_service.go:37","message":"Worker started","worker_id":4}
{"level":"info","timestamp":"2025-02-01T01:39:00.150+0700","caller":"/home/pebble/Projects/maxcloud_vps/service/update_service.go:37","message":"Worker started","worker_id":2}
{"level":"info","timestamp":"2025-02-01T01:39:00.150+0700","caller":"/home/pebble/Projects/maxcloud_vps/service/update_service.go:37","message":"Worker started","worker_id":0}
{"level":"info","timestamp":"2025-02-01T01:39:00.150+0700","caller":"/home/pebble/Projects/maxcloud_vps/service/update_service.go:37","message":"Worker started","worker_id":3}
{"level":"error","timestamp":"2025-02-01T01:39:02.601+0700","caller":"/home/pebble/Projects/maxcloud_vps/service/client_service.go:42","message":"bad request","insufficient balance":"remaining balance: 129000, Monthly fee: 1440000","stacktrace":"github.com/bagasadiii/maxcloud_vps/service.(*ClientService).CreateClientService\n\t/home/pebble/Projects/maxcloud_vps/service/client_service.go:42\ngithub.com/bagasadiii/maxcloud_vps/handler.(*ClientHandler).CreateClient\n\t/home/pebble/Projects/maxcloud_vps/handler/client_handler.go:36\nnet/http.HandlerFunc.ServeHTTP\n\t/usr/lib/go/src/net/http/server.go:2220\ngithub.com/gorilla/mux.(*Router).ServeHTTP\n\t/home/pebble/go/pkg/mod/github.com/gorilla/mux@v1.8.1/mux.go:212\nnet/http.serverHandler.ServeHTTP\n\t/usr/lib/go/src/net/http/server.go:3210\nnet/http.(*conn).serve\n\t/usr/lib/go/src/net/http/server.go:2092"}
{"level":"error","timestamp":"2025-02-01T01:39:04.010+0700","caller":"/home/pebble/Projects/maxcloud_vps/service/client_service.go:42","message":"bad request","insufficient balance":"remaining balance: 129000, Monthly fee: 1440000","stacktrace":"github.com/bagasadiii/maxcloud_vps/service.(*ClientService).CreateClientService\n\t/home/pebble/Projects/maxcloud_vps/service/client_service.go:42\ngithub.com/bagasadiii/maxcloud_vps/handler.(*ClientHandler).CreateClient\n\t/home/pebble/Projects/maxcloud_vps/handler/client_handler.go:36\nnet/http.HandlerFunc.ServeHTTP\n\t/usr/lib/go/src/net/http/server.go:2220\ngithub.com/gorilla/mux.(*Router).ServeHTTP\n\t/home/pebble/go/pkg/mod/github.com/gorilla/mux@v1.8.1/mux.go:212\nnet/http.serverHandler.ServeHTTP\n\t/usr/lib/go/src/net/http/server.go:3210\nnet/http.(*conn).serve\n\t/usr/lib/go/src/net/http/server.go:2092"}
{"level":"info","timestamp":"2025-02-01T01:48:05.228+0700","caller":"/home/pebble/Projects/maxcloud_vps/config/logger.go:51","message":"Logger initialized"}
{"level":"info","timestamp":"2025-02-01T01:48:05.228+0700","caller":"/home/pebble/Projects/maxcloud_vps/service/update_service.go:49","message":"Worker pool started"}
{"level":"info","timestamp":"2025-02-01T01:48:05.228+0700","caller":"/home/pebble/Projects/maxcloud_vps/service/update_service.go:37","message":"Worker started","worker_id":1}
{"level":"info","timestamp":"2025-02-01T01:48:05.228+0700","caller":"/home/pebble/Projects/maxcloud_vps/service/update_service.go:37","message":"Worker started","worker_id":0}
{"level":"info","timestamp":"2025-02-01T01:48:05.228+0700","caller":"/home/pebble/Projects/maxcloud_vps/service/update_service.go:37","message":"Worker started","worker_id":2}
{"level":"info","timestamp":"2025-02-01T01:48:05.228+0700","caller":"/home/pebble/Projects/maxcloud_vps/service/update_service.go:37","message":"Worker started","worker_id":3}
{"level":"info","timestamp":"2025-02-01T01:48:05.228+0700","caller":"/home/pebble/Projects/maxcloud_vps/service/update_service.go:37","message":"Worker started","worker_id":4}
{"level":"error","timestamp":"2025-02-01T01:48:18.012+0700","caller":"/home/pebble/Projects/maxcloud_vps/service/client_service.go:42","message":"bad request","insufficient balance":"remaining balance: 129000, Monthly fee: 1440000","stacktrace":"github.com/bagasadiii/maxcloud_vps/service.(*ClientService).CreateClientService\n\t/home/pebble/Projects/maxcloud_vps/service/client_service.go:42\ngithub.com/bagasadiii/maxcloud_vps/handler.(*ClientHandler).CreateClient\n\t/home/pebble/Projects/maxcloud_vps/handler/client_handler.go:36\nnet/http.HandlerFunc.ServeHTTP\n\t/usr/lib/go/src/net/http/server.go:2220\ngithub.com/gorilla/mux.(*Router).ServeHTTP\n\t/home/pebble/go/pkg/mod/github.com/gorilla/mux@v1.8.1/mux.go:212\nnet/http.serverHandler.ServeHTTP\n\t/usr/lib/go/src/net/http/server.go:3210\nnet/http.(*conn).serve\n\t/usr/lib/go/src/net/http/server.go:2092"}
